{"D:\\Interview\\bajigur-cloth-server\\app.js": {"path":"D:\\Interview\\bajigur-cloth-server\\app.js","statementMap":{"0":{"start":{"line":1,"column":0},"end":{"line":1,"column":27}},"1":{"start":{"line":3,"column":13},"end":{"line":3,"column":28}},"2":{"start":{"line":4,"column":16},"end":{"line":4,"column":34}},"3":{"start":{"line":5,"column":12},"end":{"line":5,"column":21}},"4":{"start":{"line":6,"column":13},"end":{"line":6,"column":37}},"5":{"start":{"line":7,"column":15},"end":{"line":7,"column":43}},"6":{"start":{"line":8,"column":25},"end":{"line":8,"column":63}},"7":{"start":{"line":10,"column":0},"end":{"line":10,"column":48}},"8":{"start":{"line":11,"column":0},"end":{"line":11,"column":23}},"9":{"start":{"line":12,"column":0},"end":{"line":12,"column":16}},"10":{"start":{"line":14,"column":0},"end":{"line":14,"column":21}},"11":{"start":{"line":15,"column":0},"end":{"line":15,"column":22}},"12":{"start":{"line":21,"column":0},"end":{"line":21,"column":20}}},"fnMap":{},"branchMap":{"0":{"loc":{"start":{"line":6,"column":13},"end":{"line":6,"column":37}},"type":"binary-expr","locations":[{"start":{"line":6,"column":13},"end":{"line":6,"column":29}},{"start":{"line":6,"column":33},"end":{"line":6,"column":37}}],"line":6}},"s":{"0":1,"1":1,"2":1,"3":1,"4":1,"5":1,"6":1,"7":1,"8":1,"9":1,"10":1,"11":1,"12":1},"f":{},"b":{"0":[1,0]},"_coverageSchema":"1a1c01bbd47fc00a2c39e90264f33305004495a9","hash":"0bb834c1c6bb3af0463d6edeae82a1bd7a1534c1"}
,"D:\\Interview\\bajigur-cloth-server\\config\\config.js": {"path":"D:\\Interview\\bajigur-cloth-server\\config\\config.js","statementMap":{"0":{"start":{"line":1,"column":0},"end":{"line":1,"column":26}},"1":{"start":{"line":3,"column":0},"end":{"line":26,"column":1}}},"fnMap":{},"branchMap":{},"s":{"0":1,"1":1},"f":{},"b":{},"_coverageSchema":"1a1c01bbd47fc00a2c39e90264f33305004495a9","hash":"900a6982db656a28fec5661e7a4d82b87e243e79"}
,"D:\\Interview\\bajigur-cloth-server\\controllers\\address-controller.js": {"path":"D:\\Interview\\bajigur-cloth-server\\controllers\\address-controller.js","statementMap":{"0":{"start":{"line":1,"column":20},"end":{"line":1,"column":49}},"1":{"start":{"line":5,"column":69},"end":{"line":5,"column":77}},"2":{"start":{"line":6,"column":26},"end":{"line":6,"column":41}},"3":{"start":{"line":8,"column":8},"end":{"line":29,"column":9}},"4":{"start":{"line":9,"column":29},"end":{"line":17,"column":14}},"5":{"start":{"line":18,"column":12},"end":{"line":26,"column":15}},"6":{"start":{"line":28,"column":12},"end":{"line":28,"column":22}},"7":{"start":{"line":33,"column":26},"end":{"line":33,"column":41}},"8":{"start":{"line":35,"column":8},"end":{"line":45,"column":9}},"9":{"start":{"line":36,"column":29},"end":{"line":40,"column":14}},"10":{"start":{"line":42,"column":12},"end":{"line":42,"column":60}},"11":{"start":{"line":44,"column":12},"end":{"line":44,"column":22}},"12":{"start":{"line":49,"column":24},"end":{"line":49,"column":45}},"13":{"start":{"line":51,"column":8},"end":{"line":61,"column":9}},"14":{"start":{"line":52,"column":33},"end":{"line":56,"column":14}},"15":{"start":{"line":58,"column":12},"end":{"line":58,"column":49}},"16":{"start":{"line":60,"column":12},"end":{"line":60,"column":22}},"17":{"start":{"line":65,"column":69},"end":{"line":65,"column":77}},"18":{"start":{"line":66,"column":24},"end":{"line":66,"column":45}},"19":{"start":{"line":68,"column":8},"end":{"line":89,"column":9}},"20":{"start":{"line":69,"column":33},"end":{"line":84,"column":13}},"21":{"start":{"line":86,"column":12},"end":{"line":86,"column":55}},"22":{"start":{"line":88,"column":12},"end":{"line":88,"column":22}},"23":{"start":{"line":93,"column":24},"end":{"line":93,"column":45}},"24":{"start":{"line":95,"column":8},"end":{"line":105,"column":9}},"25":{"start":{"line":96,"column":33},"end":{"line":100,"column":14}},"26":{"start":{"line":102,"column":12},"end":{"line":102,"column":65}},"27":{"start":{"line":104,"column":12},"end":{"line":104,"column":22}},"28":{"start":{"line":109,"column":0},"end":{"line":109,"column":35}}},"fnMap":{"0":{"name":"(anonymous_0)","decl":{"start":{"line":4,"column":4},"end":{"line":4,"column":5}},"loc":{"start":{"line":4,"column":40},"end":{"line":30,"column":5}},"line":4},"1":{"name":"(anonymous_1)","decl":{"start":{"line":32,"column":4},"end":{"line":32,"column":5}},"loc":{"start":{"line":32,"column":38},"end":{"line":46,"column":5}},"line":32},"2":{"name":"(anonymous_2)","decl":{"start":{"line":48,"column":4},"end":{"line":48,"column":5}},"loc":{"start":{"line":48,"column":42},"end":{"line":62,"column":5}},"line":48},"3":{"name":"(anonymous_3)","decl":{"start":{"line":64,"column":4},"end":{"line":64,"column":5}},"loc":{"start":{"line":64,"column":40},"end":{"line":90,"column":5}},"line":64},"4":{"name":"(anonymous_4)","decl":{"start":{"line":92,"column":4},"end":{"line":92,"column":5}},"loc":{"start":{"line":92,"column":40},"end":{"line":106,"column":5}},"line":92}},"branchMap":{},"s":{"0":1,"1":3,"2":3,"3":3,"4":3,"5":1,"6":2,"7":1,"8":1,"9":1,"10":1,"11":0,"12":1,"13":1,"14":1,"15":1,"16":0,"17":3,"18":3,"19":3,"20":3,"21":1,"22":2,"23":1,"24":1,"25":1,"26":1,"27":0,"28":1},"f":{"0":3,"1":1,"2":1,"3":3,"4":1},"b":{},"_coverageSchema":"1a1c01bbd47fc00a2c39e90264f33305004495a9","hash":"3a3b6f47871d87567b4bfb491fbbfa51b7c5bf85"}
,"D:\\Interview\\bajigur-cloth-server\\controllers\\cart-controller.js": {"path":"D:\\Interview\\bajigur-cloth-server\\controllers\\cart-controller.js","statementMap":{"0":{"start":{"line":1,"column":26},"end":{"line":1,"column":55}},"1":{"start":{"line":5,"column":44},"end":{"line":5,"column":52}},"2":{"start":{"line":6,"column":26},"end":{"line":6,"column":41}},"3":{"start":{"line":8,"column":8},"end":{"line":23,"column":9}},"4":{"start":{"line":9,"column":34},"end":{"line":13,"column":14}},"5":{"start":{"line":15,"column":12},"end":{"line":20,"column":15}},"6":{"start":{"line":22,"column":12},"end":{"line":22,"column":22}},"7":{"start":{"line":27,"column":21},"end":{"line":27,"column":42}},"8":{"start":{"line":29,"column":8},"end":{"line":43,"column":9}},"9":{"start":{"line":30,"column":34},"end":{"line":34,"column":14}},"10":{"start":{"line":36,"column":12},"end":{"line":40,"column":13}},"11":{"start":{"line":37,"column":16},"end":{"line":37,"column":72}},"12":{"start":{"line":39,"column":16},"end":{"line":39,"column":44}},"13":{"start":{"line":42,"column":12},"end":{"line":42,"column":22}},"14":{"start":{"line":47,"column":29},"end":{"line":47,"column":50}},"15":{"start":{"line":49,"column":8},"end":{"line":63,"column":9}},"16":{"start":{"line":50,"column":38},"end":{"line":54,"column":14}},"17":{"start":{"line":56,"column":12},"end":{"line":60,"column":13}},"18":{"start":{"line":57,"column":16},"end":{"line":57,"column":58}},"19":{"start":{"line":59,"column":16},"end":{"line":59,"column":44}},"20":{"start":{"line":62,"column":12},"end":{"line":62,"column":22}},"21":{"start":{"line":67,"column":44},"end":{"line":67,"column":52}},"22":{"start":{"line":68,"column":29},"end":{"line":68,"column":50}},"23":{"start":{"line":70,"column":8},"end":{"line":97,"column":9}},"24":{"start":{"line":71,"column":38},"end":{"line":75,"column":14}},"25":{"start":{"line":77,"column":12},"end":{"line":94,"column":13}},"26":{"start":{"line":78,"column":42},"end":{"line":89,"column":17}},"27":{"start":{"line":91,"column":16},"end":{"line":91,"column":64}},"28":{"start":{"line":93,"column":16},"end":{"line":93,"column":44}},"29":{"start":{"line":96,"column":12},"end":{"line":96,"column":22}},"30":{"start":{"line":101,"column":29},"end":{"line":101,"column":50}},"31":{"start":{"line":103,"column":8},"end":{"line":117,"column":9}},"32":{"start":{"line":104,"column":38},"end":{"line":108,"column":14}},"33":{"start":{"line":110,"column":12},"end":{"line":114,"column":13}},"34":{"start":{"line":111,"column":16},"end":{"line":111,"column":80}},"35":{"start":{"line":113,"column":16},"end":{"line":113,"column":41}},"36":{"start":{"line":116,"column":12},"end":{"line":116,"column":22}},"37":{"start":{"line":121,"column":0},"end":{"line":121,"column":40}}},"fnMap":{"0":{"name":"(anonymous_0)","decl":{"start":{"line":4,"column":4},"end":{"line":4,"column":5}},"loc":{"start":{"line":4,"column":40},"end":{"line":24,"column":5}},"line":4},"1":{"name":"(anonymous_1)","decl":{"start":{"line":26,"column":4},"end":{"line":26,"column":5}},"loc":{"start":{"line":26,"column":46},"end":{"line":44,"column":5}},"line":26},"2":{"name":"(anonymous_2)","decl":{"start":{"line":46,"column":4},"end":{"line":46,"column":5}},"loc":{"start":{"line":46,"column":42},"end":{"line":64,"column":5}},"line":46},"3":{"name":"(anonymous_3)","decl":{"start":{"line":66,"column":4},"end":{"line":66,"column":5}},"loc":{"start":{"line":66,"column":40},"end":{"line":98,"column":5}},"line":66},"4":{"name":"(anonymous_4)","decl":{"start":{"line":100,"column":4},"end":{"line":100,"column":5}},"loc":{"start":{"line":100,"column":40},"end":{"line":118,"column":5}},"line":100}},"branchMap":{"0":{"loc":{"start":{"line":36,"column":12},"end":{"line":40,"column":13}},"type":"if","locations":[{"start":{"line":36,"column":12},"end":{"line":40,"column":13}},{"start":{"line":36,"column":12},"end":{"line":40,"column":13}}],"line":36},"1":{"loc":{"start":{"line":56,"column":12},"end":{"line":60,"column":13}},"type":"if","locations":[{"start":{"line":56,"column":12},"end":{"line":60,"column":13}},{"start":{"line":56,"column":12},"end":{"line":60,"column":13}}],"line":56},"2":{"loc":{"start":{"line":77,"column":12},"end":{"line":94,"column":13}},"type":"if","locations":[{"start":{"line":77,"column":12},"end":{"line":94,"column":13}},{"start":{"line":77,"column":12},"end":{"line":94,"column":13}}],"line":77},"3":{"loc":{"start":{"line":110,"column":12},"end":{"line":114,"column":13}},"type":"if","locations":[{"start":{"line":110,"column":12},"end":{"line":114,"column":13}},{"start":{"line":110,"column":12},"end":{"line":114,"column":13}}],"line":110}},"s":{"0":1,"1":3,"2":3,"3":3,"4":3,"5":1,"6":2,"7":2,"8":2,"9":2,"10":2,"11":1,"12":1,"13":1,"14":2,"15":2,"16":2,"17":2,"18":1,"19":1,"20":1,"21":1,"22":1,"23":1,"24":1,"25":1,"26":1,"27":1,"28":0,"29":0,"30":1,"31":1,"32":1,"33":1,"34":1,"35":0,"36":0,"37":1},"f":{"0":3,"1":2,"2":2,"3":1,"4":1},"b":{"0":[1,1],"1":[1,1],"2":[1,0],"3":[1,0]},"_coverageSchema":"1a1c01bbd47fc00a2c39e90264f33305004495a9","hash":"3ec39d3a5857e386177bf285d8202bad00890980"}
,"D:\\Interview\\bajigur-cloth-server\\controllers\\category-controller.js": {"path":"D:\\Interview\\bajigur-cloth-server\\controllers\\category-controller.js","statementMap":{"0":{"start":{"line":1,"column":21},"end":{"line":1,"column":50}},"1":{"start":{"line":5,"column":23},"end":{"line":5,"column":31}},"2":{"start":{"line":7,"column":8},"end":{"line":18,"column":9}},"3":{"start":{"line":8,"column":30},"end":{"line":10,"column":14}},"4":{"start":{"line":12,"column":12},"end":{"line":15,"column":15}},"5":{"start":{"line":17,"column":12},"end":{"line":17,"column":22}},"6":{"start":{"line":22,"column":8},"end":{"line":28,"column":9}},"7":{"start":{"line":23,"column":30},"end":{"line":23,"column":54}},"8":{"start":{"line":25,"column":12},"end":{"line":25,"column":62}},"9":{"start":{"line":27,"column":12},"end":{"line":27,"column":22}},"10":{"start":{"line":32,"column":25},"end":{"line":32,"column":46}},"11":{"start":{"line":34,"column":8},"end":{"line":48,"column":9}},"12":{"start":{"line":35,"column":34},"end":{"line":39,"column":14}},"13":{"start":{"line":41,"column":12},"end":{"line":45,"column":13}},"14":{"start":{"line":42,"column":16},"end":{"line":42,"column":54}},"15":{"start":{"line":44,"column":16},"end":{"line":44,"column":44}},"16":{"start":{"line":47,"column":12},"end":{"line":47,"column":22}},"17":{"start":{"line":52,"column":23},"end":{"line":52,"column":31}},"18":{"start":{"line":53,"column":25},"end":{"line":53,"column":46}},"19":{"start":{"line":55,"column":8},"end":{"line":81,"column":9}},"20":{"start":{"line":56,"column":34},"end":{"line":60,"column":14}},"21":{"start":{"line":62,"column":12},"end":{"line":78,"column":13}},"22":{"start":{"line":63,"column":38},"end":{"line":73,"column":17}},"23":{"start":{"line":75,"column":16},"end":{"line":75,"column":60}},"24":{"start":{"line":77,"column":16},"end":{"line":77,"column":44}},"25":{"start":{"line":80,"column":12},"end":{"line":80,"column":22}},"26":{"start":{"line":85,"column":25},"end":{"line":85,"column":46}},"27":{"start":{"line":87,"column":8},"end":{"line":101,"column":9}},"28":{"start":{"line":88,"column":34},"end":{"line":92,"column":14}},"29":{"start":{"line":94,"column":12},"end":{"line":98,"column":13}},"30":{"start":{"line":95,"column":16},"end":{"line":95,"column":70}},"31":{"start":{"line":97,"column":16},"end":{"line":97,"column":44}},"32":{"start":{"line":100,"column":12},"end":{"line":100,"column":22}},"33":{"start":{"line":105,"column":0},"end":{"line":105,"column":36}}},"fnMap":{"0":{"name":"(anonymous_0)","decl":{"start":{"line":4,"column":4},"end":{"line":4,"column":5}},"loc":{"start":{"line":4,"column":40},"end":{"line":19,"column":5}},"line":4},"1":{"name":"(anonymous_1)","decl":{"start":{"line":21,"column":4},"end":{"line":21,"column":5}},"loc":{"start":{"line":21,"column":38},"end":{"line":29,"column":5}},"line":21},"2":{"name":"(anonymous_2)","decl":{"start":{"line":31,"column":4},"end":{"line":31,"column":5}},"loc":{"start":{"line":31,"column":42},"end":{"line":49,"column":5}},"line":31},"3":{"name":"(anonymous_3)","decl":{"start":{"line":51,"column":4},"end":{"line":51,"column":5}},"loc":{"start":{"line":51,"column":40},"end":{"line":82,"column":5}},"line":51},"4":{"name":"(anonymous_4)","decl":{"start":{"line":84,"column":4},"end":{"line":84,"column":5}},"loc":{"start":{"line":84,"column":40},"end":{"line":102,"column":5}},"line":84}},"branchMap":{"0":{"loc":{"start":{"line":41,"column":12},"end":{"line":45,"column":13}},"type":"if","locations":[{"start":{"line":41,"column":12},"end":{"line":45,"column":13}},{"start":{"line":41,"column":12},"end":{"line":45,"column":13}}],"line":41},"1":{"loc":{"start":{"line":62,"column":12},"end":{"line":78,"column":13}},"type":"if","locations":[{"start":{"line":62,"column":12},"end":{"line":78,"column":13}},{"start":{"line":62,"column":12},"end":{"line":78,"column":13}}],"line":62},"2":{"loc":{"start":{"line":94,"column":12},"end":{"line":98,"column":13}},"type":"if","locations":[{"start":{"line":94,"column":12},"end":{"line":98,"column":13}},{"start":{"line":94,"column":12},"end":{"line":98,"column":13}}],"line":94}},"s":{"0":1,"1":2,"2":2,"3":2,"4":1,"5":1,"6":1,"7":1,"8":1,"9":0,"10":2,"11":2,"12":2,"13":2,"14":1,"15":1,"16":1,"17":3,"18":3,"19":3,"20":3,"21":3,"22":2,"23":1,"24":1,"25":2,"26":2,"27":2,"28":2,"29":2,"30":1,"31":1,"32":1,"33":1},"f":{"0":2,"1":1,"2":2,"3":3,"4":2},"b":{"0":[1,1],"1":[2,1],"2":[1,1]},"_coverageSchema":"1a1c01bbd47fc00a2c39e90264f33305004495a9","hash":"b5b896c554056e990d77ad3b1cdae626acaf7bb6"}
,"D:\\Interview\\bajigur-cloth-server\\controllers\\order-controller.js": {"path":"D:\\Interview\\bajigur-cloth-server\\controllers\\order-controller.js","statementMap":{"0":{"start":{"line":1,"column":18},"end":{"line":1,"column":47}},"1":{"start":{"line":5,"column":36},"end":{"line":5,"column":44}},"2":{"start":{"line":6,"column":26},"end":{"line":6,"column":41}},"3":{"start":{"line":8,"column":8},"end":{"line":22,"column":9}},"4":{"start":{"line":9,"column":27},"end":{"line":13,"column":14}},"5":{"start":{"line":15,"column":12},"end":{"line":19,"column":15}},"6":{"start":{"line":21,"column":12},"end":{"line":21,"column":22}},"7":{"start":{"line":26,"column":26},"end":{"line":26,"column":41}},"8":{"start":{"line":28,"column":8},"end":{"line":38,"column":9}},"9":{"start":{"line":29,"column":28},"end":{"line":33,"column":14}},"10":{"start":{"line":35,"column":12},"end":{"line":35,"column":56}},"11":{"start":{"line":37,"column":12},"end":{"line":37,"column":22}},"12":{"start":{"line":42,"column":22},"end":{"line":42,"column":43}},"13":{"start":{"line":44,"column":8},"end":{"line":54,"column":9}},"14":{"start":{"line":45,"column":30},"end":{"line":49,"column":14}},"15":{"start":{"line":51,"column":12},"end":{"line":51,"column":46}},"16":{"start":{"line":53,"column":12},"end":{"line":53,"column":22}},"17":{"start":{"line":58,"column":25},"end":{"line":58,"column":33}},"18":{"start":{"line":59,"column":22},"end":{"line":59,"column":43}},"19":{"start":{"line":61,"column":8},"end":{"line":77,"column":9}},"20":{"start":{"line":62,"column":31},"end":{"line":72,"column":13}},"21":{"start":{"line":74,"column":12},"end":{"line":74,"column":53}},"22":{"start":{"line":76,"column":12},"end":{"line":76,"column":22}},"23":{"start":{"line":81,"column":22},"end":{"line":81,"column":43}},"24":{"start":{"line":83,"column":8},"end":{"line":93,"column":9}},"25":{"start":{"line":84,"column":31},"end":{"line":88,"column":14}},"26":{"start":{"line":90,"column":12},"end":{"line":90,"column":63}},"27":{"start":{"line":92,"column":12},"end":{"line":92,"column":22}},"28":{"start":{"line":97,"column":0},"end":{"line":97,"column":33}}},"fnMap":{"0":{"name":"(anonymous_0)","decl":{"start":{"line":4,"column":4},"end":{"line":4,"column":5}},"loc":{"start":{"line":4,"column":40},"end":{"line":23,"column":5}},"line":4},"1":{"name":"(anonymous_1)","decl":{"start":{"line":25,"column":4},"end":{"line":25,"column":5}},"loc":{"start":{"line":25,"column":38},"end":{"line":39,"column":5}},"line":25},"2":{"name":"(anonymous_2)","decl":{"start":{"line":41,"column":4},"end":{"line":41,"column":5}},"loc":{"start":{"line":41,"column":42},"end":{"line":55,"column":5}},"line":41},"3":{"name":"(anonymous_3)","decl":{"start":{"line":57,"column":4},"end":{"line":57,"column":5}},"loc":{"start":{"line":57,"column":46},"end":{"line":78,"column":5}},"line":57},"4":{"name":"(anonymous_4)","decl":{"start":{"line":80,"column":4},"end":{"line":80,"column":5}},"loc":{"start":{"line":80,"column":40},"end":{"line":94,"column":5}},"line":80}},"branchMap":{},"s":{"0":1,"1":2,"2":2,"3":2,"4":2,"5":1,"6":1,"7":1,"8":1,"9":1,"10":1,"11":0,"12":1,"13":1,"14":1,"15":1,"16":0,"17":1,"18":1,"19":1,"20":1,"21":1,"22":0,"23":1,"24":1,"25":1,"26":1,"27":0,"28":1},"f":{"0":2,"1":1,"2":1,"3":1,"4":1},"b":{},"_coverageSchema":"1a1c01bbd47fc00a2c39e90264f33305004495a9","hash":"c756f75a10d23db32bdb36333bc2da53d26215ab"}
,"D:\\Interview\\bajigur-cloth-server\\controllers\\order-item-controller.js": {"path":"D:\\Interview\\bajigur-cloth-server\\controllers\\order-item-controller.js","statementMap":{"0":{"start":{"line":1,"column":23},"end":{"line":1,"column":52}},"1":{"start":{"line":5,"column":53},"end":{"line":5,"column":61}},"2":{"start":{"line":7,"column":8},"end":{"line":22,"column":9}},"3":{"start":{"line":8,"column":31},"end":{"line":12,"column":14}},"4":{"start":{"line":14,"column":12},"end":{"line":19,"column":15}},"5":{"start":{"line":21,"column":12},"end":{"line":21,"column":22}},"6":{"start":{"line":26,"column":22},"end":{"line":26,"column":43}},"7":{"start":{"line":28,"column":8},"end":{"line":42,"column":9}},"8":{"start":{"line":29,"column":31},"end":{"line":33,"column":14}},"9":{"start":{"line":35,"column":12},"end":{"line":39,"column":13}},"10":{"start":{"line":36,"column":16},"end":{"line":36,"column":67}},"11":{"start":{"line":38,"column":16},"end":{"line":38,"column":44}},"12":{"start":{"line":41,"column":12},"end":{"line":41,"column":22}},"13":{"start":{"line":46,"column":26},"end":{"line":46,"column":47}},"14":{"start":{"line":48,"column":8},"end":{"line":62,"column":9}},"15":{"start":{"line":49,"column":35},"end":{"line":53,"column":14}},"16":{"start":{"line":55,"column":12},"end":{"line":59,"column":13}},"17":{"start":{"line":56,"column":16},"end":{"line":56,"column":55}},"18":{"start":{"line":58,"column":16},"end":{"line":58,"column":44}},"19":{"start":{"line":61,"column":12},"end":{"line":61,"column":22}},"20":{"start":{"line":66,"column":53},"end":{"line":66,"column":61}},"21":{"start":{"line":67,"column":26},"end":{"line":67,"column":47}},"22":{"start":{"line":69,"column":8},"end":{"line":97,"column":9}},"23":{"start":{"line":70,"column":35},"end":{"line":74,"column":14}},"24":{"start":{"line":76,"column":12},"end":{"line":94,"column":13}},"25":{"start":{"line":77,"column":39},"end":{"line":89,"column":17}},"26":{"start":{"line":91,"column":16},"end":{"line":91,"column":61}},"27":{"start":{"line":93,"column":16},"end":{"line":93,"column":44}},"28":{"start":{"line":96,"column":12},"end":{"line":96,"column":22}},"29":{"start":{"line":101,"column":26},"end":{"line":101,"column":47}},"30":{"start":{"line":103,"column":8},"end":{"line":117,"column":9}},"31":{"start":{"line":104,"column":35},"end":{"line":108,"column":14}},"32":{"start":{"line":110,"column":12},"end":{"line":114,"column":13}},"33":{"start":{"line":111,"column":16},"end":{"line":111,"column":72}},"34":{"start":{"line":113,"column":16},"end":{"line":113,"column":41}},"35":{"start":{"line":116,"column":12},"end":{"line":116,"column":22}},"36":{"start":{"line":121,"column":0},"end":{"line":121,"column":37}}},"fnMap":{"0":{"name":"(anonymous_0)","decl":{"start":{"line":4,"column":4},"end":{"line":4,"column":5}},"loc":{"start":{"line":4,"column":40},"end":{"line":23,"column":5}},"line":4},"1":{"name":"(anonymous_1)","decl":{"start":{"line":25,"column":4},"end":{"line":25,"column":5}},"loc":{"start":{"line":25,"column":47},"end":{"line":43,"column":5}},"line":25},"2":{"name":"(anonymous_2)","decl":{"start":{"line":45,"column":4},"end":{"line":45,"column":5}},"loc":{"start":{"line":45,"column":42},"end":{"line":63,"column":5}},"line":45},"3":{"name":"(anonymous_3)","decl":{"start":{"line":65,"column":4},"end":{"line":65,"column":5}},"loc":{"start":{"line":65,"column":40},"end":{"line":98,"column":5}},"line":65},"4":{"name":"(anonymous_4)","decl":{"start":{"line":100,"column":4},"end":{"line":100,"column":5}},"loc":{"start":{"line":100,"column":40},"end":{"line":118,"column":5}},"line":100}},"branchMap":{"0":{"loc":{"start":{"line":35,"column":12},"end":{"line":39,"column":13}},"type":"if","locations":[{"start":{"line":35,"column":12},"end":{"line":39,"column":13}},{"start":{"line":35,"column":12},"end":{"line":39,"column":13}}],"line":35},"1":{"loc":{"start":{"line":55,"column":12},"end":{"line":59,"column":13}},"type":"if","locations":[{"start":{"line":55,"column":12},"end":{"line":59,"column":13}},{"start":{"line":55,"column":12},"end":{"line":59,"column":13}}],"line":55},"2":{"loc":{"start":{"line":76,"column":12},"end":{"line":94,"column":13}},"type":"if","locations":[{"start":{"line":76,"column":12},"end":{"line":94,"column":13}},{"start":{"line":76,"column":12},"end":{"line":94,"column":13}}],"line":76},"3":{"loc":{"start":{"line":110,"column":12},"end":{"line":114,"column":13}},"type":"if","locations":[{"start":{"line":110,"column":12},"end":{"line":114,"column":13}},{"start":{"line":110,"column":12},"end":{"line":114,"column":13}}],"line":110}},"s":{"0":1,"1":3,"2":3,"3":3,"4":1,"5":2,"6":2,"7":2,"8":2,"9":2,"10":1,"11":1,"12":1,"13":2,"14":2,"15":2,"16":2,"17":1,"18":1,"19":1,"20":4,"21":4,"22":4,"23":4,"24":4,"25":3,"26":1,"27":1,"28":3,"29":2,"30":2,"31":2,"32":2,"33":1,"34":1,"35":1,"36":1},"f":{"0":3,"1":2,"2":2,"3":4,"4":2},"b":{"0":[1,1],"1":[1,1],"2":[3,1],"3":[1,1]},"_coverageSchema":"1a1c01bbd47fc00a2c39e90264f33305004495a9","hash":"69a3cda94282853bb4bc8e50ce4641cca679e621"}
,"D:\\Interview\\bajigur-cloth-server\\controllers\\product-controller.js": {"path":"D:\\Interview\\bajigur-cloth-server\\controllers\\product-controller.js","statementMap":{"0":{"start":{"line":1,"column":20},"end":{"line":1,"column":49}},"1":{"start":{"line":5,"column":55},"end":{"line":5,"column":63}},"2":{"start":{"line":7,"column":8},"end":{"line":24,"column":9}},"3":{"start":{"line":8,"column":29},"end":{"line":13,"column":14}},"4":{"start":{"line":15,"column":12},"end":{"line":21,"column":15}},"5":{"start":{"line":23,"column":12},"end":{"line":23,"column":22}},"6":{"start":{"line":28,"column":8},"end":{"line":34,"column":9}},"7":{"start":{"line":29,"column":29},"end":{"line":29,"column":52}},"8":{"start":{"line":31,"column":12},"end":{"line":31,"column":59}},"9":{"start":{"line":33,"column":12},"end":{"line":33,"column":22}},"10":{"start":{"line":38,"column":24},"end":{"line":38,"column":45}},"11":{"start":{"line":40,"column":8},"end":{"line":54,"column":9}},"12":{"start":{"line":41,"column":33},"end":{"line":45,"column":14}},"13":{"start":{"line":47,"column":12},"end":{"line":51,"column":13}},"14":{"start":{"line":48,"column":16},"end":{"line":48,"column":53}},"15":{"start":{"line":50,"column":16},"end":{"line":50,"column":44}},"16":{"start":{"line":53,"column":12},"end":{"line":53,"column":22}},"17":{"start":{"line":58,"column":55},"end":{"line":58,"column":63}},"18":{"start":{"line":59,"column":24},"end":{"line":59,"column":45}},"19":{"start":{"line":61,"column":8},"end":{"line":90,"column":9}},"20":{"start":{"line":62,"column":33},"end":{"line":66,"column":14}},"21":{"start":{"line":68,"column":12},"end":{"line":87,"column":13}},"22":{"start":{"line":69,"column":37},"end":{"line":82,"column":17}},"23":{"start":{"line":84,"column":16},"end":{"line":84,"column":59}},"24":{"start":{"line":86,"column":16},"end":{"line":86,"column":44}},"25":{"start":{"line":89,"column":12},"end":{"line":89,"column":22}},"26":{"start":{"line":94,"column":24},"end":{"line":94,"column":45}},"27":{"start":{"line":96,"column":8},"end":{"line":110,"column":9}},"28":{"start":{"line":97,"column":33},"end":{"line":101,"column":14}},"29":{"start":{"line":103,"column":12},"end":{"line":107,"column":13}},"30":{"start":{"line":104,"column":16},"end":{"line":104,"column":69}},"31":{"start":{"line":106,"column":16},"end":{"line":106,"column":41}},"32":{"start":{"line":109,"column":12},"end":{"line":109,"column":22}},"33":{"start":{"line":114,"column":0},"end":{"line":114,"column":35}}},"fnMap":{"0":{"name":"(anonymous_0)","decl":{"start":{"line":4,"column":4},"end":{"line":4,"column":5}},"loc":{"start":{"line":4,"column":40},"end":{"line":25,"column":5}},"line":4},"1":{"name":"(anonymous_1)","decl":{"start":{"line":27,"column":4},"end":{"line":27,"column":5}},"loc":{"start":{"line":27,"column":38},"end":{"line":35,"column":5}},"line":27},"2":{"name":"(anonymous_2)","decl":{"start":{"line":37,"column":4},"end":{"line":37,"column":5}},"loc":{"start":{"line":37,"column":42},"end":{"line":55,"column":5}},"line":37},"3":{"name":"(anonymous_3)","decl":{"start":{"line":57,"column":4},"end":{"line":57,"column":5}},"loc":{"start":{"line":57,"column":40},"end":{"line":91,"column":5}},"line":57},"4":{"name":"(anonymous_4)","decl":{"start":{"line":93,"column":4},"end":{"line":93,"column":5}},"loc":{"start":{"line":93,"column":40},"end":{"line":111,"column":5}},"line":93}},"branchMap":{"0":{"loc":{"start":{"line":47,"column":12},"end":{"line":51,"column":13}},"type":"if","locations":[{"start":{"line":47,"column":12},"end":{"line":51,"column":13}},{"start":{"line":47,"column":12},"end":{"line":51,"column":13}}],"line":47},"1":{"loc":{"start":{"line":68,"column":12},"end":{"line":87,"column":13}},"type":"if","locations":[{"start":{"line":68,"column":12},"end":{"line":87,"column":13}},{"start":{"line":68,"column":12},"end":{"line":87,"column":13}}],"line":68},"2":{"loc":{"start":{"line":103,"column":12},"end":{"line":107,"column":13}},"type":"if","locations":[{"start":{"line":103,"column":12},"end":{"line":107,"column":13}},{"start":{"line":103,"column":12},"end":{"line":107,"column":13}}],"line":103}},"s":{"0":1,"1":4,"2":4,"3":4,"4":1,"5":3,"6":1,"7":1,"8":1,"9":0,"10":2,"11":2,"12":2,"13":2,"14":1,"15":1,"16":1,"17":4,"18":4,"19":4,"20":4,"21":4,"22":3,"23":1,"24":1,"25":3,"26":2,"27":2,"28":2,"29":2,"30":1,"31":1,"32":1,"33":1},"f":{"0":4,"1":1,"2":2,"3":4,"4":2},"b":{"0":[1,1],"1":[3,1],"2":[1,1]},"_coverageSchema":"1a1c01bbd47fc00a2c39e90264f33305004495a9","hash":"381b964a4bfc96c158941952c35f5625f5e304a2"}
,"D:\\Interview\\bajigur-cloth-server\\controllers\\product-option-controller.js": {"path":"D:\\Interview\\bajigur-cloth-server\\controllers\\product-option-controller.js","statementMap":{"0":{"start":{"line":1,"column":27},"end":{"line":1,"column":56}},"1":{"start":{"line":5,"column":60},"end":{"line":5,"column":68}},"2":{"start":{"line":7,"column":8},"end":{"line":26,"column":9}},"3":{"start":{"line":8,"column":35},"end":{"line":14,"column":14}},"4":{"start":{"line":16,"column":12},"end":{"line":23,"column":15}},"5":{"start":{"line":25,"column":12},"end":{"line":25,"column":22}},"6":{"start":{"line":30,"column":24},"end":{"line":30,"column":45}},"7":{"start":{"line":32,"column":8},"end":{"line":46,"column":9}},"8":{"start":{"line":33,"column":35},"end":{"line":37,"column":14}},"9":{"start":{"line":39,"column":12},"end":{"line":43,"column":13}},"10":{"start":{"line":40,"column":16},"end":{"line":40,"column":75}},"11":{"start":{"line":42,"column":16},"end":{"line":42,"column":41}},"12":{"start":{"line":45,"column":12},"end":{"line":45,"column":22}},"13":{"start":{"line":50,"column":30},"end":{"line":50,"column":51}},"14":{"start":{"line":52,"column":8},"end":{"line":66,"column":9}},"15":{"start":{"line":53,"column":39},"end":{"line":57,"column":14}},"16":{"start":{"line":59,"column":12},"end":{"line":63,"column":13}},"17":{"start":{"line":60,"column":16},"end":{"line":60,"column":59}},"18":{"start":{"line":62,"column":16},"end":{"line":62,"column":44}},"19":{"start":{"line":65,"column":12},"end":{"line":65,"column":22}},"20":{"start":{"line":70,"column":60},"end":{"line":70,"column":68}},"21":{"start":{"line":71,"column":30},"end":{"line":71,"column":51}},"22":{"start":{"line":73,"column":8},"end":{"line":103,"column":9}},"23":{"start":{"line":74,"column":39},"end":{"line":78,"column":14}},"24":{"start":{"line":80,"column":12},"end":{"line":100,"column":13}},"25":{"start":{"line":81,"column":43},"end":{"line":95,"column":17}},"26":{"start":{"line":97,"column":16},"end":{"line":97,"column":65}},"27":{"start":{"line":99,"column":16},"end":{"line":99,"column":44}},"28":{"start":{"line":102,"column":12},"end":{"line":102,"column":22}},"29":{"start":{"line":107,"column":30},"end":{"line":107,"column":51}},"30":{"start":{"line":109,"column":8},"end":{"line":123,"column":9}},"31":{"start":{"line":110,"column":39},"end":{"line":114,"column":14}},"32":{"start":{"line":116,"column":12},"end":{"line":120,"column":13}},"33":{"start":{"line":117,"column":16},"end":{"line":117,"column":76}},"34":{"start":{"line":119,"column":16},"end":{"line":119,"column":44}},"35":{"start":{"line":122,"column":12},"end":{"line":122,"column":22}},"36":{"start":{"line":127,"column":0},"end":{"line":127,"column":41}}},"fnMap":{"0":{"name":"(anonymous_0)","decl":{"start":{"line":4,"column":4},"end":{"line":4,"column":5}},"loc":{"start":{"line":4,"column":40},"end":{"line":27,"column":5}},"line":4},"1":{"name":"(anonymous_1)","decl":{"start":{"line":29,"column":4},"end":{"line":29,"column":5}},"loc":{"start":{"line":29,"column":49},"end":{"line":47,"column":5}},"line":29},"2":{"name":"(anonymous_2)","decl":{"start":{"line":49,"column":4},"end":{"line":49,"column":5}},"loc":{"start":{"line":49,"column":42},"end":{"line":67,"column":5}},"line":49},"3":{"name":"(anonymous_3)","decl":{"start":{"line":69,"column":4},"end":{"line":69,"column":5}},"loc":{"start":{"line":69,"column":40},"end":{"line":104,"column":5}},"line":69},"4":{"name":"(anonymous_4)","decl":{"start":{"line":106,"column":4},"end":{"line":106,"column":5}},"loc":{"start":{"line":106,"column":40},"end":{"line":124,"column":5}},"line":106}},"branchMap":{"0":{"loc":{"start":{"line":39,"column":12},"end":{"line":43,"column":13}},"type":"if","locations":[{"start":{"line":39,"column":12},"end":{"line":43,"column":13}},{"start":{"line":39,"column":12},"end":{"line":43,"column":13}}],"line":39},"1":{"loc":{"start":{"line":59,"column":12},"end":{"line":63,"column":13}},"type":"if","locations":[{"start":{"line":59,"column":12},"end":{"line":63,"column":13}},{"start":{"line":59,"column":12},"end":{"line":63,"column":13}}],"line":59},"2":{"loc":{"start":{"line":80,"column":12},"end":{"line":100,"column":13}},"type":"if","locations":[{"start":{"line":80,"column":12},"end":{"line":100,"column":13}},{"start":{"line":80,"column":12},"end":{"line":100,"column":13}}],"line":80},"3":{"loc":{"start":{"line":116,"column":12},"end":{"line":120,"column":13}},"type":"if","locations":[{"start":{"line":116,"column":12},"end":{"line":120,"column":13}},{"start":{"line":116,"column":12},"end":{"line":120,"column":13}}],"line":116}},"s":{"0":1,"1":3,"2":3,"3":3,"4":1,"5":2,"6":2,"7":2,"8":2,"9":2,"10":1,"11":1,"12":1,"13":2,"14":2,"15":2,"16":2,"17":1,"18":1,"19":1,"20":4,"21":4,"22":4,"23":4,"24":4,"25":3,"26":1,"27":1,"28":3,"29":2,"30":2,"31":2,"32":2,"33":1,"34":1,"35":1,"36":1},"f":{"0":3,"1":2,"2":2,"3":4,"4":2},"b":{"0":[1,1],"1":[1,1],"2":[3,1],"3":[1,1]},"_coverageSchema":"1a1c01bbd47fc00a2c39e90264f33305004495a9","hash":"f313befc03930eac18be955d32455c76329c8762"}
,"D:\\Interview\\bajigur-cloth-server\\controllers\\user-controller.js": {"path":"D:\\Interview\\bajigur-cloth-server\\controllers\\user-controller.js","statementMap":{"0":{"start":{"line":1,"column":17},"end":{"line":1,"column":46}},"1":{"start":{"line":2,"column":28},"end":{"line":2,"column":66}},"2":{"start":{"line":3,"column":22},"end":{"line":3,"column":52}},"3":{"start":{"line":7,"column":46},"end":{"line":7,"column":54}},"4":{"start":{"line":9,"column":8},"end":{"line":15,"column":9}},"5":{"start":{"line":10,"column":26},"end":{"line":10,"column":76}},"6":{"start":{"line":12,"column":12},"end":{"line":12,"column":75}},"7":{"start":{"line":14,"column":12},"end":{"line":14,"column":22}},"8":{"start":{"line":19,"column":34},"end":{"line":19,"column":42}},"9":{"start":{"line":21,"column":8},"end":{"line":36,"column":9}},"10":{"start":{"line":22,"column":23},"end":{"line":22,"column":63}},"11":{"start":{"line":24,"column":12},"end":{"line":33,"column":13}},"12":{"start":{"line":25,"column":16},"end":{"line":30,"column":17}},"13":{"start":{"line":26,"column":34},"end":{"line":26,"column":55}},"14":{"start":{"line":27,"column":20},"end":{"line":27,"column":79}},"15":{"start":{"line":29,"column":20},"end":{"line":29,"column":51}},"16":{"start":{"line":32,"column":16},"end":{"line":32,"column":47}},"17":{"start":{"line":35,"column":12},"end":{"line":35,"column":22}},"18":{"start":{"line":40,"column":0},"end":{"line":40,"column":32}}},"fnMap":{"0":{"name":"(anonymous_0)","decl":{"start":{"line":6,"column":4},"end":{"line":6,"column":5}},"loc":{"start":{"line":6,"column":42},"end":{"line":16,"column":5}},"line":6},"1":{"name":"(anonymous_1)","decl":{"start":{"line":18,"column":4},"end":{"line":18,"column":5}},"loc":{"start":{"line":18,"column":39},"end":{"line":37,"column":5}},"line":18}},"branchMap":{"0":{"loc":{"start":{"line":24,"column":12},"end":{"line":33,"column":13}},"type":"if","locations":[{"start":{"line":24,"column":12},"end":{"line":33,"column":13}},{"start":{"line":24,"column":12},"end":{"line":33,"column":13}}],"line":24},"1":{"loc":{"start":{"line":25,"column":16},"end":{"line":30,"column":17}},"type":"if","locations":[{"start":{"line":25,"column":16},"end":{"line":30,"column":17}},{"start":{"line":25,"column":16},"end":{"line":30,"column":17}}],"line":25}},"s":{"0":1,"1":1,"2":1,"3":3,"4":3,"5":3,"6":1,"7":2,"8":2,"9":2,"10":2,"11":2,"12":1,"13":1,"14":1,"15":0,"16":1,"17":1,"18":1},"f":{"0":3,"1":2},"b":{"0":[1,1],"1":[1,0]},"_coverageSchema":"1a1c01bbd47fc00a2c39e90264f33305004495a9","hash":"96da6bca2baad0f7ce5ea5e831edb3b0080196a0"}
,"D:\\Interview\\bajigur-cloth-server\\helpers\\hash-password.js": {"path":"D:\\Interview\\bajigur-cloth-server\\helpers\\hash-password.js","statementMap":{"0":{"start":{"line":1,"column":15},"end":{"line":1,"column":34}},"1":{"start":{"line":4,"column":17},"end":{"line":4,"column":38}},"2":{"start":{"line":5,"column":27},"end":{"line":5,"column":58}},"3":{"start":{"line":7,"column":4},"end":{"line":7,"column":25}},"4":{"start":{"line":11,"column":4},"end":{"line":11,"column":49}},"5":{"start":{"line":14,"column":0},"end":{"line":14,"column":48}}},"fnMap":{"0":{"name":"hashPassword","decl":{"start":{"line":3,"column":9},"end":{"line":3,"column":21}},"loc":{"start":{"line":3,"column":32},"end":{"line":8,"column":1}},"line":3},"1":{"name":"comparePassword","decl":{"start":{"line":10,"column":9},"end":{"line":10,"column":24}},"loc":{"start":{"line":10,"column":45},"end":{"line":12,"column":1}},"line":10}},"branchMap":{},"s":{"0":1,"1":4,"2":4,"3":4,"4":1,"5":1},"f":{"0":4,"1":1},"b":{},"_coverageSchema":"1a1c01bbd47fc00a2c39e90264f33305004495a9","hash":"9c6fbdf87eea379a813a6fec73d631df4dd30379"}
,"D:\\Interview\\bajigur-cloth-server\\helpers\\token.js": {"path":"D:\\Interview\\bajigur-cloth-server\\helpers\\token.js","statementMap":{"0":{"start":{"line":1,"column":12},"end":{"line":1,"column":35}},"1":{"start":{"line":4,"column":16},"end":{"line":4,"column":53}},"2":{"start":{"line":6,"column":4},"end":{"line":6,"column":16}},"3":{"start":{"line":10,"column":18},"end":{"line":10,"column":55}},"4":{"start":{"line":12,"column":4},"end":{"line":12,"column":18}},"5":{"start":{"line":15,"column":0},"end":{"line":15,"column":41}}},"fnMap":{"0":{"name":"signToken","decl":{"start":{"line":3,"column":9},"end":{"line":3,"column":18}},"loc":{"start":{"line":3,"column":28},"end":{"line":7,"column":1}},"line":3},"1":{"name":"verifyToken","decl":{"start":{"line":9,"column":9},"end":{"line":9,"column":20}},"loc":{"start":{"line":9,"column":28},"end":{"line":13,"column":1}},"line":9}},"branchMap":{},"s":{"0":1,"1":15,"2":15,"3":88,"4":88,"5":1},"f":{"0":15,"1":88},"b":{},"_coverageSchema":"1a1c01bbd47fc00a2c39e90264f33305004495a9","hash":"ac5230d7c92ac53b8f2a52927ae87492fb3f90b4"}
,"D:\\Interview\\bajigur-cloth-server\\middlewares\\auth.js": {"path":"D:\\Interview\\bajigur-cloth-server\\middlewares\\auth.js","statementMap":{"0":{"start":{"line":1,"column":24},"end":{"line":1,"column":54}},"1":{"start":{"line":2,"column":60},"end":{"line":2,"column":89}},"2":{"start":{"line":5,"column":23},"end":{"line":5,"column":47}},"3":{"start":{"line":7,"column":4},"end":{"line":28,"column":5}},"4":{"start":{"line":8,"column":8},"end":{"line":25,"column":9}},"5":{"start":{"line":9,"column":26},"end":{"line":9,"column":51}},"6":{"start":{"line":11,"column":30},"end":{"line":15,"column":14}},"7":{"start":{"line":17,"column":12},"end":{"line":22,"column":13}},"8":{"start":{"line":18,"column":16},"end":{"line":18,"column":46}},"9":{"start":{"line":19,"column":16},"end":{"line":19,"column":23}},"10":{"start":{"line":21,"column":16},"end":{"line":21,"column":52}},"11":{"start":{"line":24,"column":12},"end":{"line":24,"column":22}},"12":{"start":{"line":27,"column":8},"end":{"line":27,"column":44}},"13":{"start":{"line":32,"column":22},"end":{"line":32,"column":37}},"14":{"start":{"line":33,"column":20},"end":{"line":33,"column":41}},"15":{"start":{"line":35,"column":4},"end":{"line":53,"column":5}},"16":{"start":{"line":36,"column":29},"end":{"line":40,"column":10}},"17":{"start":{"line":42,"column":8},"end":{"line":50,"column":9}},"18":{"start":{"line":43,"column":12},"end":{"line":47,"column":13}},"19":{"start":{"line":44,"column":16},"end":{"line":44,"column":23}},"20":{"start":{"line":46,"column":16},"end":{"line":46,"column":44}},"21":{"start":{"line":49,"column":12},"end":{"line":49,"column":40}},"22":{"start":{"line":52,"column":8},"end":{"line":52,"column":18}},"23":{"start":{"line":57,"column":22},"end":{"line":57,"column":37}},"24":{"start":{"line":58,"column":18},"end":{"line":58,"column":39}},"25":{"start":{"line":60,"column":4},"end":{"line":78,"column":5}},"26":{"start":{"line":61,"column":27},"end":{"line":65,"column":10}},"27":{"start":{"line":67,"column":8},"end":{"line":75,"column":9}},"28":{"start":{"line":68,"column":12},"end":{"line":72,"column":13}},"29":{"start":{"line":69,"column":16},"end":{"line":69,"column":23}},"30":{"start":{"line":71,"column":16},"end":{"line":71,"column":44}},"31":{"start":{"line":74,"column":12},"end":{"line":74,"column":40}},"32":{"start":{"line":77,"column":8},"end":{"line":77,"column":18}},"33":{"start":{"line":82,"column":22},"end":{"line":82,"column":37}},"34":{"start":{"line":83,"column":25},"end":{"line":83,"column":46}},"35":{"start":{"line":85,"column":4},"end":{"line":103,"column":5}},"36":{"start":{"line":86,"column":34},"end":{"line":90,"column":10}},"37":{"start":{"line":92,"column":8},"end":{"line":100,"column":9}},"38":{"start":{"line":93,"column":12},"end":{"line":97,"column":13}},"39":{"start":{"line":94,"column":16},"end":{"line":94,"column":23}},"40":{"start":{"line":96,"column":16},"end":{"line":96,"column":44}},"41":{"start":{"line":99,"column":12},"end":{"line":99,"column":40}},"42":{"start":{"line":102,"column":8},"end":{"line":102,"column":18}},"43":{"start":{"line":107,"column":22},"end":{"line":107,"column":37}},"44":{"start":{"line":109,"column":4},"end":{"line":122,"column":5}},"45":{"start":{"line":110,"column":23},"end":{"line":114,"column":10}},"46":{"start":{"line":115,"column":8},"end":{"line":119,"column":9}},"47":{"start":{"line":116,"column":12},"end":{"line":116,"column":18}},"48":{"start":{"line":118,"column":12},"end":{"line":118,"column":39}},"49":{"start":{"line":121,"column":8},"end":{"line":121,"column":17}},"50":{"start":{"line":125,"column":0},"end":{"line":131,"column":2}}},"fnMap":{"0":{"name":"authentication","decl":{"start":{"line":4,"column":15},"end":{"line":4,"column":29}},"loc":{"start":{"line":4,"column":46},"end":{"line":29,"column":1}},"line":4},"1":{"name":"address_authorization","decl":{"start":{"line":31,"column":15},"end":{"line":31,"column":36}},"loc":{"start":{"line":31,"column":53},"end":{"line":54,"column":1}},"line":31},"2":{"name":"order_authorization","decl":{"start":{"line":56,"column":15},"end":{"line":56,"column":34}},"loc":{"start":{"line":56,"column":51},"end":{"line":79,"column":1}},"line":56},"3":{"name":"shopping_cart_authorization","decl":{"start":{"line":81,"column":15},"end":{"line":81,"column":42}},"loc":{"start":{"line":81,"column":59},"end":{"line":104,"column":1}},"line":81},"4":{"name":"admin_authorization","decl":{"start":{"line":106,"column":15},"end":{"line":106,"column":34}},"loc":{"start":{"line":106,"column":51},"end":{"line":123,"column":1}},"line":106}},"branchMap":{"0":{"loc":{"start":{"line":7,"column":4},"end":{"line":28,"column":5}},"type":"if","locations":[{"start":{"line":7,"column":4},"end":{"line":28,"column":5}},{"start":{"line":7,"column":4},"end":{"line":28,"column":5}}],"line":7},"1":{"loc":{"start":{"line":17,"column":12},"end":{"line":22,"column":13}},"type":"if","locations":[{"start":{"line":17,"column":12},"end":{"line":22,"column":13}},{"start":{"line":17,"column":12},"end":{"line":22,"column":13}}],"line":17},"2":{"loc":{"start":{"line":42,"column":8},"end":{"line":50,"column":9}},"type":"if","locations":[{"start":{"line":42,"column":8},"end":{"line":50,"column":9}},{"start":{"line":42,"column":8},"end":{"line":50,"column":9}}],"line":42},"3":{"loc":{"start":{"line":43,"column":12},"end":{"line":47,"column":13}},"type":"if","locations":[{"start":{"line":43,"column":12},"end":{"line":47,"column":13}},{"start":{"line":43,"column":12},"end":{"line":47,"column":13}}],"line":43},"4":{"loc":{"start":{"line":67,"column":8},"end":{"line":75,"column":9}},"type":"if","locations":[{"start":{"line":67,"column":8},"end":{"line":75,"column":9}},{"start":{"line":67,"column":8},"end":{"line":75,"column":9}}],"line":67},"5":{"loc":{"start":{"line":68,"column":12},"end":{"line":72,"column":13}},"type":"if","locations":[{"start":{"line":68,"column":12},"end":{"line":72,"column":13}},{"start":{"line":68,"column":12},"end":{"line":72,"column":13}}],"line":68},"6":{"loc":{"start":{"line":68,"column":16},"end":{"line":68,"column":86}},"type":"binary-expr","locations":[{"start":{"line":68,"column":16},"end":{"line":68,"column":54}},{"start":{"line":68,"column":58},"end":{"line":68,"column":86}}],"line":68},"7":{"loc":{"start":{"line":92,"column":8},"end":{"line":100,"column":9}},"type":"if","locations":[{"start":{"line":92,"column":8},"end":{"line":100,"column":9}},{"start":{"line":92,"column":8},"end":{"line":100,"column":9}}],"line":92},"8":{"loc":{"start":{"line":93,"column":12},"end":{"line":97,"column":13}},"type":"if","locations":[{"start":{"line":93,"column":12},"end":{"line":97,"column":13}},{"start":{"line":93,"column":12},"end":{"line":97,"column":13}}],"line":93},"9":{"loc":{"start":{"line":115,"column":8},"end":{"line":119,"column":9}},"type":"if","locations":[{"start":{"line":115,"column":8},"end":{"line":119,"column":9}},{"start":{"line":115,"column":8},"end":{"line":119,"column":9}}],"line":115}},"s":{"0":1,"1":1,"2":117,"3":117,"4":88,"5":88,"6":88,"7":88,"8":88,"9":88,"10":0,"11":0,"12":29,"13":11,"14":11,"15":11,"16":11,"17":11,"18":8,"19":5,"20":3,"21":3,"22":6,"23":7,"24":7,"25":7,"26":7,"27":7,"28":4,"29":3,"30":1,"31":3,"32":4,"33":6,"34":6,"35":6,"36":6,"37":6,"38":4,"39":2,"40":2,"41":2,"42":4,"43":41,"44":41,"45":41,"46":41,"47":30,"48":11,"49":11,"50":1},"f":{"0":117,"1":11,"2":7,"3":6,"4":41},"b":{"0":[88,29],"1":[88,0],"2":[8,3],"3":[5,3],"4":[4,3],"5":[3,1],"6":[4,3],"7":[4,2],"8":[2,2],"9":[30,11]},"_coverageSchema":"1a1c01bbd47fc00a2c39e90264f33305004495a9","hash":"4633d24e7a3dfb04bc5be0b2decd3b39fef9d6dd"}
,"D:\\Interview\\bajigur-cloth-server\\middlewares\\error-handler.js": {"path":"D:\\Interview\\bajigur-cloth-server\\middlewares\\error-handler.js","statementMap":{"0":{"start":{"line":2,"column":4},"end":{"line":44,"column":5}},"1":{"start":{"line":4,"column":12},"end":{"line":7,"column":15}},"2":{"start":{"line":6,"column":51},"end":{"line":6,"column":64}},"3":{"start":{"line":8,"column":12},"end":{"line":8,"column":18}},"4":{"start":{"line":11,"column":12},"end":{"line":14,"column":15}},"5":{"start":{"line":15,"column":12},"end":{"line":15,"column":18}},"6":{"start":{"line":18,"column":12},"end":{"line":21,"column":15}},"7":{"start":{"line":22,"column":12},"end":{"line":22,"column":18}},"8":{"start":{"line":25,"column":12},"end":{"line":28,"column":15}},"9":{"start":{"line":29,"column":12},"end":{"line":29,"column":18}},"10":{"start":{"line":32,"column":12},"end":{"line":35,"column":15}},"11":{"start":{"line":36,"column":12},"end":{"line":36,"column":18}},"12":{"start":{"line":39,"column":12},"end":{"line":42,"column":15}},"13":{"start":{"line":43,"column":12},"end":{"line":43,"column":18}},"14":{"start":{"line":47,"column":0},"end":{"line":47,"column":34}}},"fnMap":{"0":{"name":"errorHandler","decl":{"start":{"line":1,"column":9},"end":{"line":1,"column":21}},"loc":{"start":{"line":1,"column":43},"end":{"line":45,"column":1}},"line":1},"1":{"name":"(anonymous_1)","decl":{"start":{"line":6,"column":40},"end":{"line":6,"column":41}},"loc":{"start":{"line":6,"column":51},"end":{"line":6,"column":64}},"line":6}},"branchMap":{"0":{"loc":{"start":{"line":2,"column":4},"end":{"line":44,"column":5}},"type":"switch","locations":[{"start":{"line":3,"column":8},"end":{"line":8,"column":18}},{"start":{"line":10,"column":8},"end":{"line":15,"column":18}},{"start":{"line":17,"column":8},"end":{"line":22,"column":18}},{"start":{"line":24,"column":8},"end":{"line":29,"column":18}},{"start":{"line":31,"column":8},"end":{"line":36,"column":18}},{"start":{"line":38,"column":8},"end":{"line":43,"column":18}}],"line":2}},"s":{"0":95,"1":24,"2":71,"3":24,"4":1,"5":1,"6":29,"7":29,"8":17,"9":17,"10":24,"11":24,"12":0,"13":0,"14":1},"f":{"0":95,"1":71},"b":{"0":[24,1,29,17,24,0]},"_coverageSchema":"1a1c01bbd47fc00a2c39e90264f33305004495a9","hash":"53fa08c0be5d0f7614317bf354d096de9db04c6e"}
,"D:\\Interview\\bajigur-cloth-server\\models\\address.js": {"path":"D:\\Interview\\bajigur-cloth-server\\models\\address.js","statementMap":{"0":{"start":{"line":2,"column":18},"end":{"line":2,"column":38}},"1":{"start":{"line":3,"column":0},"end":{"line":86,"column":2}},"2":{"start":{"line":14,"column":4},"end":{"line":84,"column":6}},"3":{"start":{"line":85,"column":4},"end":{"line":85,"column":19}}},"fnMap":{"0":{"name":"(anonymous_0)","decl":{"start":{"line":3,"column":17},"end":{"line":3,"column":18}},"loc":{"start":{"line":3,"column":43},"end":{"line":86,"column":1}},"line":3},"1":{"name":"(anonymous_1)","decl":{"start":{"line":10,"column":8},"end":{"line":10,"column":9}},"loc":{"start":{"line":10,"column":33},"end":{"line":12,"column":9}},"line":10}},"branchMap":{},"s":{"0":1,"1":1,"2":1,"3":1},"f":{"0":1,"1":1},"b":{},"_coverageSchema":"1a1c01bbd47fc00a2c39e90264f33305004495a9","hash":"03d5cb454a8c2e9f381d700d73277703765e9304"}
,"D:\\Interview\\bajigur-cloth-server\\models\\category.js": {"path":"D:\\Interview\\bajigur-cloth-server\\models\\category.js","statementMap":{"0":{"start":{"line":4,"column":4},"end":{"line":4,"column":24}},"1":{"start":{"line":5,"column":0},"end":{"line":32,"column":2}},"2":{"start":{"line":14,"column":6},"end":{"line":14,"column":38}},"3":{"start":{"line":17,"column":2},"end":{"line":30,"column":5}},"4":{"start":{"line":31,"column":2},"end":{"line":31,"column":18}}},"fnMap":{"0":{"name":"(anonymous_0)","decl":{"start":{"line":5,"column":17},"end":{"line":5,"column":18}},"loc":{"start":{"line":5,"column":43},"end":{"line":32,"column":1}},"line":5},"1":{"name":"(anonymous_1)","decl":{"start":{"line":12,"column":4},"end":{"line":12,"column":5}},"loc":{"start":{"line":12,"column":29},"end":{"line":15,"column":5}},"line":12}},"branchMap":{},"s":{"0":1,"1":1,"2":1,"3":1,"4":1},"f":{"0":1,"1":1},"b":{},"_coverageSchema":"1a1c01bbd47fc00a2c39e90264f33305004495a9","hash":"b31a133a1e939cca300dd47ae878f40f97dc46be"}
,"D:\\Interview\\bajigur-cloth-server\\models\\index.js": {"path":"D:\\Interview\\bajigur-cloth-server\\models\\index.js","statementMap":{"0":{"start":{"line":3,"column":11},"end":{"line":3,"column":24}},"1":{"start":{"line":4,"column":13},"end":{"line":4,"column":28}},"2":{"start":{"line":5,"column":18},"end":{"line":5,"column":38}},"3":{"start":{"line":6,"column":17},"end":{"line":6,"column":42}},"4":{"start":{"line":7,"column":12},"end":{"line":7,"column":49}},"5":{"start":{"line":8,"column":15},"end":{"line":8,"column":63}},"6":{"start":{"line":9,"column":11},"end":{"line":9,"column":13}},"7":{"start":{"line":12,"column":0},"end":{"line":16,"column":1}},"8":{"start":{"line":13,"column":2},"end":{"line":13,"column":74}},"9":{"start":{"line":15,"column":2},"end":{"line":15,"column":87}},"10":{"start":{"line":18,"column":0},"end":{"line":26,"column":5}},"11":{"start":{"line":21,"column":4},"end":{"line":21,"column":90}},"12":{"start":{"line":24,"column":18},"end":{"line":24,"column":85}},"13":{"start":{"line":25,"column":4},"end":{"line":25,"column":27}},"14":{"start":{"line":28,"column":0},"end":{"line":32,"column":3}},"15":{"start":{"line":29,"column":2},"end":{"line":31,"column":3}},"16":{"start":{"line":30,"column":4},"end":{"line":30,"column":32}},"17":{"start":{"line":34,"column":0},"end":{"line":34,"column":25}},"18":{"start":{"line":35,"column":0},"end":{"line":35,"column":25}},"19":{"start":{"line":37,"column":0},"end":{"line":37,"column":20}}},"fnMap":{"0":{"name":"(anonymous_0)","decl":{"start":{"line":20,"column":10},"end":{"line":20,"column":11}},"loc":{"start":{"line":20,"column":18},"end":{"line":22,"column":3}},"line":20},"1":{"name":"(anonymous_1)","decl":{"start":{"line":23,"column":11},"end":{"line":23,"column":12}},"loc":{"start":{"line":23,"column":19},"end":{"line":26,"column":3}},"line":23},"2":{"name":"(anonymous_2)","decl":{"start":{"line":28,"column":24},"end":{"line":28,"column":25}},"loc":{"start":{"line":28,"column":37},"end":{"line":32,"column":1}},"line":28}},"branchMap":{"0":{"loc":{"start":{"line":7,"column":12},"end":{"line":7,"column":49}},"type":"binary-expr","locations":[{"start":{"line":7,"column":12},"end":{"line":7,"column":32}},{"start":{"line":7,"column":36},"end":{"line":7,"column":49}}],"line":7},"1":{"loc":{"start":{"line":12,"column":0},"end":{"line":16,"column":1}},"type":"if","locations":[{"start":{"line":12,"column":0},"end":{"line":16,"column":1}},{"start":{"line":12,"column":0},"end":{"line":16,"column":1}}],"line":12},"2":{"loc":{"start":{"line":21,"column":11},"end":{"line":21,"column":89}},"type":"binary-expr","locations":[{"start":{"line":21,"column":12},"end":{"line":21,"column":35}},{"start":{"line":21,"column":41},"end":{"line":21,"column":58}},{"start":{"line":21,"column":64},"end":{"line":21,"column":88}}],"line":21},"3":{"loc":{"start":{"line":29,"column":2},"end":{"line":31,"column":3}},"type":"if","locations":[{"start":{"line":29,"column":2},"end":{"line":31,"column":3}},{"start":{"line":29,"column":2},"end":{"line":31,"column":3}}],"line":29}},"s":{"0":1,"1":1,"2":1,"3":1,"4":1,"5":1,"6":1,"7":1,"8":0,"9":1,"10":1,"11":9,"12":8,"13":8,"14":1,"15":8,"16":8,"17":1,"18":1,"19":1},"f":{"0":9,"1":8,"2":8},"b":{"0":[1,0],"1":[0,1],"2":[9,9,8],"3":[8,0]},"_coverageSchema":"1a1c01bbd47fc00a2c39e90264f33305004495a9","hash":"d2462561b4b739b452725fa51661e71fe86ef1ee"}
,"D:\\Interview\\bajigur-cloth-server\\models\\order.js": {"path":"D:\\Interview\\bajigur-cloth-server\\models\\order.js","statementMap":{"0":{"start":{"line":4,"column":4},"end":{"line":4,"column":24}},"1":{"start":{"line":5,"column":0},"end":{"line":41,"column":2}},"2":{"start":{"line":14,"column":6},"end":{"line":14,"column":38}},"3":{"start":{"line":15,"column":6},"end":{"line":15,"column":37}},"4":{"start":{"line":18,"column":2},"end":{"line":33,"column":5}},"5":{"start":{"line":35,"column":2},"end":{"line":39,"column":4}},"6":{"start":{"line":36,"column":4},"end":{"line":38,"column":5}},"7":{"start":{"line":37,"column":6},"end":{"line":37,"column":34}},"8":{"start":{"line":40,"column":2},"end":{"line":40,"column":15}}},"fnMap":{"0":{"name":"(anonymous_0)","decl":{"start":{"line":5,"column":17},"end":{"line":5,"column":18}},"loc":{"start":{"line":5,"column":43},"end":{"line":41,"column":1}},"line":5},"1":{"name":"(anonymous_1)","decl":{"start":{"line":12,"column":4},"end":{"line":12,"column":5}},"loc":{"start":{"line":12,"column":29},"end":{"line":16,"column":5}},"line":12},"2":{"name":"(anonymous_2)","decl":{"start":{"line":35,"column":21},"end":{"line":35,"column":22}},"loc":{"start":{"line":35,"column":44},"end":{"line":39,"column":3}},"line":35}},"branchMap":{"0":{"loc":{"start":{"line":36,"column":4},"end":{"line":38,"column":5}},"type":"if","locations":[{"start":{"line":36,"column":4},"end":{"line":38,"column":5}},{"start":{"line":36,"column":4},"end":{"line":38,"column":5}}],"line":36},"1":{"loc":{"start":{"line":36,"column":8},"end":{"line":36,"column":50}},"type":"binary-expr","locations":[{"start":{"line":36,"column":8},"end":{"line":36,"column":30}},{"start":{"line":36,"column":34},"end":{"line":36,"column":50}}],"line":36}},"s":{"0":1,"1":1,"2":1,"3":1,"4":1,"5":1,"6":2,"7":2,"8":1},"f":{"0":1,"1":1,"2":2},"b":{"0":[2,0],"1":[2,0]},"_coverageSchema":"1a1c01bbd47fc00a2c39e90264f33305004495a9","hash":"dff01a3848159bde6e36428f36adaa37a5d59129"}
,"D:\\Interview\\bajigur-cloth-server\\models\\order_item.js": {"path":"D:\\Interview\\bajigur-cloth-server\\models\\order_item.js","statementMap":{"0":{"start":{"line":4,"column":4},"end":{"line":4,"column":24}},"1":{"start":{"line":5,"column":0},"end":{"line":58,"column":2}},"2":{"start":{"line":14,"column":6},"end":{"line":14,"column":49}},"3":{"start":{"line":17,"column":2},"end":{"line":56,"column":5}},"4":{"start":{"line":57,"column":2},"end":{"line":57,"column":20}}},"fnMap":{"0":{"name":"(anonymous_0)","decl":{"start":{"line":5,"column":17},"end":{"line":5,"column":18}},"loc":{"start":{"line":5,"column":43},"end":{"line":58,"column":1}},"line":5},"1":{"name":"(anonymous_1)","decl":{"start":{"line":12,"column":4},"end":{"line":12,"column":5}},"loc":{"start":{"line":12,"column":29},"end":{"line":15,"column":5}},"line":12}},"branchMap":{},"s":{"0":1,"1":1,"2":1,"3":1,"4":1},"f":{"0":1,"1":1},"b":{},"_coverageSchema":"1a1c01bbd47fc00a2c39e90264f33305004495a9","hash":"5dc762d8e634195c79b65b0a6709a82d37ee0cdf"}
,"D:\\Interview\\bajigur-cloth-server\\models\\product.js": {"path":"D:\\Interview\\bajigur-cloth-server\\models\\product.js","statementMap":{"0":{"start":{"line":4,"column":4},"end":{"line":4,"column":24}},"1":{"start":{"line":5,"column":0},"end":{"line":67,"column":2}},"2":{"start":{"line":14,"column":6},"end":{"line":14,"column":44}},"3":{"start":{"line":17,"column":2},"end":{"line":65,"column":5}},"4":{"start":{"line":66,"column":2},"end":{"line":66,"column":17}}},"fnMap":{"0":{"name":"(anonymous_0)","decl":{"start":{"line":5,"column":17},"end":{"line":5,"column":18}},"loc":{"start":{"line":5,"column":43},"end":{"line":67,"column":1}},"line":5},"1":{"name":"(anonymous_1)","decl":{"start":{"line":12,"column":4},"end":{"line":12,"column":5}},"loc":{"start":{"line":12,"column":29},"end":{"line":15,"column":5}},"line":12}},"branchMap":{},"s":{"0":1,"1":1,"2":1,"3":1,"4":1},"f":{"0":1,"1":1},"b":{},"_coverageSchema":"1a1c01bbd47fc00a2c39e90264f33305004495a9","hash":"f33915f3cf1e689529f568803a10ffed158796de"}
,"D:\\Interview\\bajigur-cloth-server\\models\\product_option.js": {"path":"D:\\Interview\\bajigur-cloth-server\\models\\product_option.js","statementMap":{"0":{"start":{"line":4,"column":4},"end":{"line":4,"column":24}},"1":{"start":{"line":5,"column":0},"end":{"line":75,"column":2}},"2":{"start":{"line":16,"column":2},"end":{"line":73,"column":5}},"3":{"start":{"line":74,"column":2},"end":{"line":74,"column":24}}},"fnMap":{"0":{"name":"(anonymous_0)","decl":{"start":{"line":5,"column":17},"end":{"line":5,"column":18}},"loc":{"start":{"line":5,"column":43},"end":{"line":75,"column":1}},"line":5},"1":{"name":"(anonymous_1)","decl":{"start":{"line":12,"column":4},"end":{"line":12,"column":5}},"loc":{"start":{"line":12,"column":29},"end":{"line":14,"column":5}},"line":12}},"branchMap":{},"s":{"0":1,"1":1,"2":1,"3":1},"f":{"0":1,"1":1},"b":{},"_coverageSchema":"1a1c01bbd47fc00a2c39e90264f33305004495a9","hash":"a8243868de2ab39ee48729a0e73451a9c734d5ef"}
,"D:\\Interview\\bajigur-cloth-server\\models\\shopping_cart.js": {"path":"D:\\Interview\\bajigur-cloth-server\\models\\shopping_cart.js","statementMap":{"0":{"start":{"line":4,"column":4},"end":{"line":4,"column":24}},"1":{"start":{"line":5,"column":0},"end":{"line":58,"column":2}},"2":{"start":{"line":14,"column":6},"end":{"line":14,"column":52}},"3":{"start":{"line":17,"column":2},"end":{"line":56,"column":5}},"4":{"start":{"line":57,"column":2},"end":{"line":57,"column":23}}},"fnMap":{"0":{"name":"(anonymous_0)","decl":{"start":{"line":5,"column":17},"end":{"line":5,"column":18}},"loc":{"start":{"line":5,"column":43},"end":{"line":58,"column":1}},"line":5},"1":{"name":"(anonymous_1)","decl":{"start":{"line":12,"column":4},"end":{"line":12,"column":5}},"loc":{"start":{"line":12,"column":29},"end":{"line":15,"column":5}},"line":12}},"branchMap":{},"s":{"0":1,"1":1,"2":1,"3":1,"4":1},"f":{"0":1,"1":1},"b":{},"_coverageSchema":"1a1c01bbd47fc00a2c39e90264f33305004495a9","hash":"62b6bd91ce451b6dbfb9b347989a56248705cdb6"}
,"D:\\Interview\\bajigur-cloth-server\\models\\user.js": {"path":"D:\\Interview\\bajigur-cloth-server\\models\\user.js","statementMap":{"0":{"start":{"line":3,"column":25},"end":{"line":3,"column":60}},"1":{"start":{"line":5,"column":18},"end":{"line":5,"column":38}},"2":{"start":{"line":6,"column":0},"end":{"line":68,"column":2}},"3":{"start":{"line":15,"column":12},"end":{"line":15,"column":41}},"4":{"start":{"line":16,"column":12},"end":{"line":16,"column":39}},"5":{"start":{"line":17,"column":12},"end":{"line":17,"column":46}},"6":{"start":{"line":20,"column":4},"end":{"line":59,"column":6}},"7":{"start":{"line":61,"column":4},"end":{"line":66,"column":7}},"8":{"start":{"line":62,"column":8},"end":{"line":62,"column":60}},"9":{"start":{"line":63,"column":8},"end":{"line":65,"column":9}},"10":{"start":{"line":64,"column":12},"end":{"line":64,"column":35}},"11":{"start":{"line":67,"column":4},"end":{"line":67,"column":16}}},"fnMap":{"0":{"name":"(anonymous_0)","decl":{"start":{"line":6,"column":17},"end":{"line":6,"column":18}},"loc":{"start":{"line":6,"column":43},"end":{"line":68,"column":1}},"line":6},"1":{"name":"(anonymous_1)","decl":{"start":{"line":13,"column":8},"end":{"line":13,"column":9}},"loc":{"start":{"line":13,"column":33},"end":{"line":18,"column":9}},"line":13},"2":{"name":"(anonymous_2)","decl":{"start":{"line":61,"column":22},"end":{"line":61,"column":23}},"loc":{"start":{"line":61,"column":45},"end":{"line":66,"column":5}},"line":61}},"branchMap":{"0":{"loc":{"start":{"line":63,"column":8},"end":{"line":65,"column":9}},"type":"if","locations":[{"start":{"line":63,"column":8},"end":{"line":65,"column":9}},{"start":{"line":63,"column":8},"end":{"line":65,"column":9}}],"line":63}},"s":{"0":1,"1":1,"2":1,"3":1,"4":1,"5":1,"6":1,"7":1,"8":4,"9":4,"10":0,"11":1},"f":{"0":1,"1":1,"2":4},"b":{"0":[0,4]},"_coverageSchema":"1a1c01bbd47fc00a2c39e90264f33305004495a9","hash":"e5f392be29577e75c2fa109506f9022cb344e962"}
,"D:\\Interview\\bajigur-cloth-server\\routes\\address-route.js": {"path":"D:\\Interview\\bajigur-cloth-server\\routes\\address-route.js","statementMap":{"0":{"start":{"line":1,"column":16},"end":{"line":1,"column":34}},"1":{"start":{"line":2,"column":15},"end":{"line":2,"column":31}},"2":{"start":{"line":3,"column":26},"end":{"line":3,"column":70}},"3":{"start":{"line":8,"column":4},"end":{"line":8,"column":37}},"4":{"start":{"line":10,"column":0},"end":{"line":10,"column":59}},"5":{"start":{"line":11,"column":0},"end":{"line":11,"column":56}},"6":{"start":{"line":12,"column":0},"end":{"line":12,"column":86}},"7":{"start":{"line":13,"column":0},"end":{"line":13,"column":84}},"8":{"start":{"line":14,"column":0},"end":{"line":14,"column":87}},"9":{"start":{"line":16,"column":0},"end":{"line":16,"column":24}}},"fnMap":{},"branchMap":{},"s":{"0":1,"1":1,"2":1,"3":1,"4":1,"5":1,"6":1,"7":1,"8":1,"9":1},"f":{},"b":{},"_coverageSchema":"1a1c01bbd47fc00a2c39e90264f33305004495a9","hash":"563aa9ba9cc9deb772387776e0c2609c2f6a3b9f"}
,"D:\\Interview\\bajigur-cloth-server\\routes\\cart-route.js": {"path":"D:\\Interview\\bajigur-cloth-server\\routes\\cart-route.js","statementMap":{"0":{"start":{"line":1,"column":16},"end":{"line":1,"column":34}},"1":{"start":{"line":2,"column":15},"end":{"line":2,"column":31}},"2":{"start":{"line":3,"column":31},"end":{"line":3,"column":72}},"3":{"start":{"line":8,"column":4},"end":{"line":8,"column":37}},"4":{"start":{"line":10,"column":0},"end":{"line":10,"column":64}},"5":{"start":{"line":11,"column":0},"end":{"line":11,"column":77}},"6":{"start":{"line":12,"column":0},"end":{"line":12,"column":68}},"7":{"start":{"line":13,"column":0},"end":{"line":13,"column":95}},"8":{"start":{"line":14,"column":0},"end":{"line":14,"column":98}},"9":{"start":{"line":16,"column":0},"end":{"line":16,"column":24}}},"fnMap":{},"branchMap":{},"s":{"0":1,"1":1,"2":1,"3":1,"4":1,"5":1,"6":1,"7":1,"8":1,"9":1},"f":{},"b":{},"_coverageSchema":"1a1c01bbd47fc00a2c39e90264f33305004495a9","hash":"52eb3d749f6ee7d9b03b5c3d2cbd1501ad4c0cb9"}
,"D:\\Interview\\bajigur-cloth-server\\routes\\category-route.js": {"path":"D:\\Interview\\bajigur-cloth-server\\routes\\category-route.js","statementMap":{"0":{"start":{"line":1,"column":16},"end":{"line":1,"column":34}},"1":{"start":{"line":2,"column":15},"end":{"line":2,"column":31}},"2":{"start":{"line":3,"column":27},"end":{"line":3,"column":72}},"3":{"start":{"line":8,"column":4},"end":{"line":8,"column":37}},"4":{"start":{"line":10,"column":0},"end":{"line":10,"column":81}},"5":{"start":{"line":11,"column":0},"end":{"line":11,"column":41}},"6":{"start":{"line":12,"column":0},"end":{"line":12,"column":48}},"7":{"start":{"line":13,"column":0},"end":{"line":13,"column":83}},"8":{"start":{"line":14,"column":0},"end":{"line":14,"column":86}},"9":{"start":{"line":16,"column":0},"end":{"line":16,"column":24}}},"fnMap":{},"branchMap":{},"s":{"0":1,"1":1,"2":1,"3":1,"4":1,"5":1,"6":1,"7":1,"8":1,"9":1},"f":{},"b":{},"_coverageSchema":"1a1c01bbd47fc00a2c39e90264f33305004495a9","hash":"df8eb06cf5250d877f58603ecc2c6d382e9695ee"}
,"D:\\Interview\\bajigur-cloth-server\\routes\\index.js": {"path":"D:\\Interview\\bajigur-cloth-server\\routes\\index.js","statementMap":{"0":{"start":{"line":1,"column":16},"end":{"line":1,"column":34}},"1":{"start":{"line":2,"column":15},"end":{"line":2,"column":31}},"2":{"start":{"line":4,"column":19},"end":{"line":4,"column":42}},"3":{"start":{"line":5,"column":22},"end":{"line":5,"column":48}},"4":{"start":{"line":6,"column":20},"end":{"line":6,"column":44}},"5":{"start":{"line":7,"column":24},"end":{"line":7,"column":53}},"6":{"start":{"line":8,"column":19},"end":{"line":8,"column":42}},"7":{"start":{"line":9,"column":23},"end":{"line":9,"column":50}},"8":{"start":{"line":10,"column":22},"end":{"line":10,"column":48}},"9":{"start":{"line":11,"column":28},"end":{"line":11,"column":61}},"10":{"start":{"line":13,"column":0},"end":{"line":13,"column":31}},"11":{"start":{"line":14,"column":0},"end":{"line":14,"column":37}},"12":{"start":{"line":15,"column":0},"end":{"line":15,"column":33}},"13":{"start":{"line":16,"column":0},"end":{"line":16,"column":42}},"14":{"start":{"line":17,"column":0},"end":{"line":17,"column":31}},"15":{"start":{"line":18,"column":0},"end":{"line":18,"column":39}},"16":{"start":{"line":19,"column":0},"end":{"line":19,"column":37}},"17":{"start":{"line":20,"column":0},"end":{"line":20,"column":50}},"18":{"start":{"line":22,"column":0},"end":{"line":22,"column":23}}},"fnMap":{},"branchMap":{},"s":{"0":1,"1":1,"2":1,"3":1,"4":1,"5":1,"6":1,"7":1,"8":1,"9":1,"10":1,"11":1,"12":1,"13":1,"14":1,"15":1,"16":1,"17":1,"18":1},"f":{},"b":{},"_coverageSchema":"1a1c01bbd47fc00a2c39e90264f33305004495a9","hash":"915d27b9495cf96cac5ffd47bda0801eb9dd260b"}
,"D:\\Interview\\bajigur-cloth-server\\routes\\order-item-route.js": {"path":"D:\\Interview\\bajigur-cloth-server\\routes\\order-item-route.js","statementMap":{"0":{"start":{"line":1,"column":16},"end":{"line":1,"column":34}},"1":{"start":{"line":2,"column":15},"end":{"line":2,"column":31}},"2":{"start":{"line":3,"column":28},"end":{"line":3,"column":75}},"3":{"start":{"line":7,"column":4},"end":{"line":7,"column":37}},"4":{"start":{"line":9,"column":0},"end":{"line":9,"column":61}},"5":{"start":{"line":10,"column":0},"end":{"line":10,"column":76}},"6":{"start":{"line":11,"column":0},"end":{"line":11,"column":65}},"7":{"start":{"line":12,"column":0},"end":{"line":12,"column":63}},"8":{"start":{"line":13,"column":0},"end":{"line":13,"column":66}},"9":{"start":{"line":15,"column":0},"end":{"line":15,"column":24}}},"fnMap":{},"branchMap":{},"s":{"0":1,"1":1,"2":1,"3":1,"4":1,"5":1,"6":1,"7":1,"8":1,"9":1},"f":{},"b":{},"_coverageSchema":"1a1c01bbd47fc00a2c39e90264f33305004495a9","hash":"de7d974dba806b76196a653465d7b777677679e3"}
,"D:\\Interview\\bajigur-cloth-server\\routes\\order-route.js": {"path":"D:\\Interview\\bajigur-cloth-server\\routes\\order-route.js","statementMap":{"0":{"start":{"line":1,"column":16},"end":{"line":1,"column":34}},"1":{"start":{"line":2,"column":15},"end":{"line":2,"column":31}},"2":{"start":{"line":3,"column":24},"end":{"line":3,"column":66}},"3":{"start":{"line":9,"column":4},"end":{"line":9,"column":37}},"4":{"start":{"line":11,"column":0},"end":{"line":11,"column":57}},"5":{"start":{"line":12,"column":0},"end":{"line":12,"column":54}},"6":{"start":{"line":13,"column":0},"end":{"line":13,"column":82}},"7":{"start":{"line":14,"column":0},"end":{"line":14,"column":107}},"8":{"start":{"line":15,"column":0},"end":{"line":15,"column":104}},"9":{"start":{"line":17,"column":0},"end":{"line":17,"column":24}}},"fnMap":{},"branchMap":{},"s":{"0":1,"1":1,"2":1,"3":1,"4":1,"5":1,"6":1,"7":1,"8":1,"9":1},"f":{},"b":{},"_coverageSchema":"1a1c01bbd47fc00a2c39e90264f33305004495a9","hash":"1cdca6989fc4e21eaa2034dd9c7dd21f46495013"}
,"D:\\Interview\\bajigur-cloth-server\\routes\\product-option-route.js": {"path":"D:\\Interview\\bajigur-cloth-server\\routes\\product-option-route.js","statementMap":{"0":{"start":{"line":1,"column":16},"end":{"line":1,"column":34}},"1":{"start":{"line":2,"column":15},"end":{"line":2,"column":31}},"2":{"start":{"line":3,"column":32},"end":{"line":3,"column":83}},"3":{"start":{"line":8,"column":4},"end":{"line":8,"column":37}},"4":{"start":{"line":10,"column":0},"end":{"line":10,"column":86}},"5":{"start":{"line":11,"column":0},"end":{"line":11,"column":68}},"6":{"start":{"line":12,"column":0},"end":{"line":12,"column":53}},"7":{"start":{"line":13,"column":0},"end":{"line":13,"column":88}},"8":{"start":{"line":14,"column":0},"end":{"line":14,"column":91}},"9":{"start":{"line":16,"column":0},"end":{"line":16,"column":24}}},"fnMap":{},"branchMap":{},"s":{"0":1,"1":1,"2":1,"3":1,"4":1,"5":1,"6":1,"7":1,"8":1,"9":1},"f":{},"b":{},"_coverageSchema":"1a1c01bbd47fc00a2c39e90264f33305004495a9","hash":"c85ee2da6d98032cdabbba6672841798a55eb818"}
,"D:\\Interview\\bajigur-cloth-server\\routes\\product-route.js": {"path":"D:\\Interview\\bajigur-cloth-server\\routes\\product-route.js","statementMap":{"0":{"start":{"line":1,"column":16},"end":{"line":1,"column":34}},"1":{"start":{"line":2,"column":15},"end":{"line":2,"column":31}},"2":{"start":{"line":3,"column":26},"end":{"line":3,"column":70}},"3":{"start":{"line":8,"column":4},"end":{"line":8,"column":37}},"4":{"start":{"line":10,"column":0},"end":{"line":10,"column":80}},"5":{"start":{"line":11,"column":0},"end":{"line":11,"column":40}},"6":{"start":{"line":12,"column":0},"end":{"line":12,"column":47}},"7":{"start":{"line":13,"column":0},"end":{"line":13,"column":82}},"8":{"start":{"line":14,"column":0},"end":{"line":14,"column":85}},"9":{"start":{"line":16,"column":0},"end":{"line":16,"column":24}}},"fnMap":{},"branchMap":{},"s":{"0":1,"1":1,"2":1,"3":1,"4":1,"5":1,"6":1,"7":1,"8":1,"9":1},"f":{},"b":{},"_coverageSchema":"1a1c01bbd47fc00a2c39e90264f33305004495a9","hash":"d79c246bd9fcf4bd9053281d063520f3367596b3"}
,"D:\\Interview\\bajigur-cloth-server\\routes\\user-route.js": {"path":"D:\\Interview\\bajigur-cloth-server\\routes\\user-route.js","statementMap":{"0":{"start":{"line":1,"column":16},"end":{"line":1,"column":34}},"1":{"start":{"line":2,"column":15},"end":{"line":2,"column":31}},"2":{"start":{"line":3,"column":23},"end":{"line":3,"column":64}},"3":{"start":{"line":5,"column":0},"end":{"line":5,"column":49}},"4":{"start":{"line":6,"column":0},"end":{"line":6,"column":43}},"5":{"start":{"line":8,"column":0},"end":{"line":8,"column":23}}},"fnMap":{},"branchMap":{},"s":{"0":1,"1":1,"2":1,"3":1,"4":1,"5":1},"f":{},"b":{},"_coverageSchema":"1a1c01bbd47fc00a2c39e90264f33305004495a9","hash":"72dfca3ed40a59b36d8e60275a928143d859647f"}
}
