TN:
SF:app.js
FNF:0
FNH:0
DA:1,1
DA:3,1
DA:4,1
DA:5,1
DA:6,1
DA:7,1
DA:8,1
DA:10,1
DA:11,1
DA:12,1
DA:14,1
DA:15,1
DA:21,1
LF:13
LH:13
BRDA:6,0,0,1
BRDA:6,0,1,0
BRF:2
BRH:1
end_of_record
TN:
SF:config\config.js
FNF:0
FNH:0
DA:1,1
DA:3,1
LF:2
LH:2
BRF:0
BRH:0
end_of_record
TN:
SF:controllers\address-controller.js
FN:4,(anonymous_0)
FN:32,(anonymous_1)
FN:48,(anonymous_2)
FN:64,(anonymous_3)
FN:92,(anonymous_4)
FNF:5
FNH:5
FNDA:3,(anonymous_0)
FNDA:1,(anonymous_1)
FNDA:1,(anonymous_2)
FNDA:3,(anonymous_3)
FNDA:1,(anonymous_4)
DA:1,1
DA:5,3
DA:6,3
DA:8,3
DA:9,3
DA:18,1
DA:28,2
DA:33,1
DA:35,1
DA:36,1
DA:42,1
DA:44,0
DA:49,1
DA:51,1
DA:52,1
DA:58,1
DA:60,0
DA:65,3
DA:66,3
DA:68,3
DA:69,3
DA:86,1
DA:88,2
DA:93,1
DA:95,1
DA:96,1
DA:102,1
DA:104,0
DA:109,1
LF:29
LH:26
BRF:0
BRH:0
end_of_record
TN:
SF:controllers\cart-controller.js
FN:4,(anonymous_0)
FN:26,(anonymous_1)
FN:46,(anonymous_2)
FN:66,(anonymous_3)
FN:100,(anonymous_4)
FNF:5
FNH:5
FNDA:3,(anonymous_0)
FNDA:2,(anonymous_1)
FNDA:2,(anonymous_2)
FNDA:1,(anonymous_3)
FNDA:1,(anonymous_4)
DA:1,1
DA:5,3
DA:6,3
DA:8,3
DA:9,3
DA:15,1
DA:22,2
DA:27,2
DA:29,2
DA:30,2
DA:36,2
DA:37,1
DA:39,1
DA:42,1
DA:47,2
DA:49,2
DA:50,2
DA:56,2
DA:57,1
DA:59,1
DA:62,1
DA:67,1
DA:68,1
DA:70,1
DA:71,1
DA:77,1
DA:78,1
DA:91,1
DA:93,0
DA:96,0
DA:101,1
DA:103,1
DA:104,1
DA:110,1
DA:111,1
DA:113,0
DA:116,0
DA:121,1
LF:38
LH:34
BRDA:36,0,0,1
BRDA:36,0,1,1
BRDA:56,1,0,1
BRDA:56,1,1,1
BRDA:77,2,0,1
BRDA:77,2,1,0
BRDA:110,3,0,1
BRDA:110,3,1,0
BRF:8
BRH:6
end_of_record
TN:
SF:controllers\category-controller.js
FN:4,(anonymous_0)
FN:21,(anonymous_1)
FN:31,(anonymous_2)
FN:51,(anonymous_3)
FN:84,(anonymous_4)
FNF:5
FNH:5
FNDA:2,(anonymous_0)
FNDA:1,(anonymous_1)
FNDA:2,(anonymous_2)
FNDA:3,(anonymous_3)
FNDA:2,(anonymous_4)
DA:1,1
DA:5,2
DA:7,2
DA:8,2
DA:12,1
DA:17,1
DA:22,1
DA:23,1
DA:25,1
DA:27,0
DA:32,2
DA:34,2
DA:35,2
DA:41,2
DA:42,1
DA:44,1
DA:47,1
DA:52,3
DA:53,3
DA:55,3
DA:56,3
DA:62,3
DA:63,2
DA:75,1
DA:77,1
DA:80,2
DA:85,2
DA:87,2
DA:88,2
DA:94,2
DA:95,1
DA:97,1
DA:100,1
DA:105,1
LF:34
LH:33
BRDA:41,0,0,1
BRDA:41,0,1,1
BRDA:62,1,0,2
BRDA:62,1,1,1
BRDA:94,2,0,1
BRDA:94,2,1,1
BRF:6
BRH:6
end_of_record
TN:
SF:controllers\order-controller.js
FN:4,(anonymous_0)
FN:25,(anonymous_1)
FN:41,(anonymous_2)
FN:57,(anonymous_3)
FN:80,(anonymous_4)
FNF:5
FNH:5
FNDA:2,(anonymous_0)
FNDA:1,(anonymous_1)
FNDA:1,(anonymous_2)
FNDA:1,(anonymous_3)
FNDA:1,(anonymous_4)
DA:1,1
DA:5,2
DA:6,2
DA:8,2
DA:9,2
DA:15,1
DA:21,1
DA:26,1
DA:28,1
DA:29,1
DA:35,1
DA:37,0
DA:42,1
DA:44,1
DA:45,1
DA:51,1
DA:53,0
DA:58,1
DA:59,1
DA:61,1
DA:62,1
DA:74,1
DA:76,0
DA:81,1
DA:83,1
DA:84,1
DA:90,1
DA:92,0
DA:97,1
LF:29
LH:25
BRF:0
BRH:0
end_of_record
TN:
SF:controllers\order-item-controller.js
FN:4,(anonymous_0)
FN:25,(anonymous_1)
FN:45,(anonymous_2)
FN:65,(anonymous_3)
FN:100,(anonymous_4)
FNF:5
FNH:5
FNDA:3,(anonymous_0)
FNDA:2,(anonymous_1)
FNDA:2,(anonymous_2)
FNDA:4,(anonymous_3)
FNDA:2,(anonymous_4)
DA:1,1
DA:5,3
DA:7,3
DA:8,3
DA:14,1
DA:21,2
DA:26,2
DA:28,2
DA:29,2
DA:35,2
DA:36,1
DA:38,1
DA:41,1
DA:46,2
DA:48,2
DA:49,2
DA:55,2
DA:56,1
DA:58,1
DA:61,1
DA:66,4
DA:67,4
DA:69,4
DA:70,4
DA:76,4
DA:77,3
DA:91,1
DA:93,1
DA:96,3
DA:101,2
DA:103,2
DA:104,2
DA:110,2
DA:111,1
DA:113,1
DA:116,1
DA:121,1
LF:37
LH:37
BRDA:35,0,0,1
BRDA:35,0,1,1
BRDA:55,1,0,1
BRDA:55,1,1,1
BRDA:76,2,0,3
BRDA:76,2,1,1
BRDA:110,3,0,1
BRDA:110,3,1,1
BRF:8
BRH:8
end_of_record
TN:
SF:controllers\product-controller.js
FN:4,(anonymous_0)
FN:27,(anonymous_1)
FN:37,(anonymous_2)
FN:57,(anonymous_3)
FN:93,(anonymous_4)
FNF:5
FNH:5
FNDA:4,(anonymous_0)
FNDA:1,(anonymous_1)
FNDA:2,(anonymous_2)
FNDA:4,(anonymous_3)
FNDA:2,(anonymous_4)
DA:1,1
DA:5,4
DA:7,4
DA:8,4
DA:15,1
DA:23,3
DA:28,1
DA:29,1
DA:31,1
DA:33,0
DA:38,2
DA:40,2
DA:41,2
DA:47,2
DA:48,1
DA:50,1
DA:53,1
DA:58,4
DA:59,4
DA:61,4
DA:62,4
DA:68,4
DA:69,3
DA:84,1
DA:86,1
DA:89,3
DA:94,2
DA:96,2
DA:97,2
DA:103,2
DA:104,1
DA:106,1
DA:109,1
DA:114,1
LF:34
LH:33
BRDA:47,0,0,1
BRDA:47,0,1,1
BRDA:68,1,0,3
BRDA:68,1,1,1
BRDA:103,2,0,1
BRDA:103,2,1,1
BRF:6
BRH:6
end_of_record
TN:
SF:controllers\product-option-controller.js
FN:4,(anonymous_0)
FN:29,(anonymous_1)
FN:49,(anonymous_2)
FN:69,(anonymous_3)
FN:106,(anonymous_4)
FNF:5
FNH:5
FNDA:3,(anonymous_0)
FNDA:2,(anonymous_1)
FNDA:2,(anonymous_2)
FNDA:4,(anonymous_3)
FNDA:2,(anonymous_4)
DA:1,1
DA:5,3
DA:7,3
DA:8,3
DA:16,1
DA:25,2
DA:30,2
DA:32,2
DA:33,2
DA:39,2
DA:40,1
DA:42,1
DA:45,1
DA:50,2
DA:52,2
DA:53,2
DA:59,2
DA:60,1
DA:62,1
DA:65,1
DA:70,4
DA:71,4
DA:73,4
DA:74,4
DA:80,4
DA:81,3
DA:97,1
DA:99,1
DA:102,3
DA:107,2
DA:109,2
DA:110,2
DA:116,2
DA:117,1
DA:119,1
DA:122,1
DA:127,1
LF:37
LH:37
BRDA:39,0,0,1
BRDA:39,0,1,1
BRDA:59,1,0,1
BRDA:59,1,1,1
BRDA:80,2,0,3
BRDA:80,2,1,1
BRDA:116,3,0,1
BRDA:116,3,1,1
BRF:8
BRH:8
end_of_record
TN:
SF:controllers\user-controller.js
FN:6,(anonymous_0)
FN:18,(anonymous_1)
FNF:2
FNH:2
FNDA:3,(anonymous_0)
FNDA:2,(anonymous_1)
DA:1,1
DA:2,1
DA:3,1
DA:7,3
DA:9,3
DA:10,3
DA:12,1
DA:14,2
DA:19,2
DA:21,2
DA:22,2
DA:24,2
DA:25,1
DA:26,1
DA:27,1
DA:29,0
DA:32,1
DA:35,1
DA:40,1
LF:19
LH:18
BRDA:24,0,0,1
BRDA:24,0,1,1
BRDA:25,1,0,1
BRDA:25,1,1,0
BRF:4
BRH:3
end_of_record
TN:
SF:helpers\hash-password.js
FN:3,hashPassword
FN:10,comparePassword
FNF:2
FNH:2
FNDA:4,hashPassword
FNDA:1,comparePassword
DA:1,1
DA:4,4
DA:5,4
DA:7,4
DA:11,1
DA:14,1
LF:6
LH:6
BRF:0
BRH:0
end_of_record
TN:
SF:helpers\token.js
FN:3,signToken
FN:9,verifyToken
FNF:2
FNH:2
FNDA:15,signToken
FNDA:88,verifyToken
DA:1,1
DA:4,15
DA:6,15
DA:10,88
DA:12,88
DA:15,1
LF:6
LH:6
BRF:0
BRH:0
end_of_record
TN:
SF:middlewares\auth.js
FN:4,authentication
FN:31,address_authorization
FN:56,order_authorization
FN:81,shopping_cart_authorization
FN:106,admin_authorization
FNF:5
FNH:5
FNDA:117,authentication
FNDA:11,address_authorization
FNDA:7,order_authorization
FNDA:6,shopping_cart_authorization
FNDA:41,admin_authorization
DA:1,1
DA:2,1
DA:5,117
DA:7,117
DA:8,88
DA:9,88
DA:11,88
DA:17,88
DA:18,88
DA:19,88
DA:21,0
DA:24,0
DA:27,29
DA:32,11
DA:33,11
DA:35,11
DA:36,11
DA:42,11
DA:43,8
DA:44,5
DA:46,3
DA:49,3
DA:52,6
DA:57,7
DA:58,7
DA:60,7
DA:61,7
DA:67,7
DA:68,4
DA:69,3
DA:71,1
DA:74,3
DA:77,4
DA:82,6
DA:83,6
DA:85,6
DA:86,6
DA:92,6
DA:93,4
DA:94,2
DA:96,2
DA:99,2
DA:102,4
DA:107,41
DA:109,41
DA:110,41
DA:115,41
DA:116,30
DA:118,11
DA:121,11
DA:125,1
LF:51
LH:49
BRDA:7,0,0,88
BRDA:7,0,1,29
BRDA:17,1,0,88
BRDA:17,1,1,0
BRDA:42,2,0,8
BRDA:42,2,1,3
BRDA:43,3,0,5
BRDA:43,3,1,3
BRDA:67,4,0,4
BRDA:67,4,1,3
BRDA:68,5,0,3
BRDA:68,5,1,1
BRDA:68,6,0,4
BRDA:68,6,1,3
BRDA:92,7,0,4
BRDA:92,7,1,2
BRDA:93,8,0,2
BRDA:93,8,1,2
BRDA:115,9,0,30
BRDA:115,9,1,11
BRF:20
BRH:19
end_of_record
TN:
SF:middlewares\error-handler.js
FN:1,errorHandler
FN:6,(anonymous_1)
FNF:2
FNH:2
FNDA:95,errorHandler
FNDA:71,(anonymous_1)
DA:2,95
DA:4,24
DA:6,71
DA:8,24
DA:11,1
DA:15,1
DA:18,29
DA:22,29
DA:25,17
DA:29,17
DA:32,24
DA:36,24
DA:39,0
DA:43,0
DA:47,1
LF:15
LH:13
BRDA:2,0,0,24
BRDA:2,0,1,1
BRDA:2,0,2,29
BRDA:2,0,3,17
BRDA:2,0,4,24
BRDA:2,0,5,0
BRF:6
BRH:5
end_of_record
TN:
SF:models\address.js
FN:3,(anonymous_0)
FN:10,(anonymous_1)
FNF:2
FNH:2
FNDA:1,(anonymous_0)
FNDA:1,(anonymous_1)
DA:2,1
DA:3,1
DA:14,1
DA:85,1
LF:4
LH:4
BRF:0
BRH:0
end_of_record
TN:
SF:models\category.js
FN:5,(anonymous_0)
FN:12,(anonymous_1)
FNF:2
FNH:2
FNDA:1,(anonymous_0)
FNDA:1,(anonymous_1)
DA:4,1
DA:5,1
DA:14,1
DA:17,1
DA:31,1
LF:5
LH:5
BRF:0
BRH:0
end_of_record
TN:
SF:models\index.js
FN:20,(anonymous_0)
FN:23,(anonymous_1)
FN:28,(anonymous_2)
FNF:3
FNH:3
FNDA:9,(anonymous_0)
FNDA:8,(anonymous_1)
FNDA:8,(anonymous_2)
DA:3,1
DA:4,1
DA:5,1
DA:6,1
DA:7,1
DA:8,1
DA:9,1
DA:12,1
DA:13,0
DA:15,1
DA:18,1
DA:21,9
DA:24,8
DA:25,8
DA:28,1
DA:29,8
DA:30,8
DA:34,1
DA:35,1
DA:37,1
LF:20
LH:19
BRDA:7,0,0,1
BRDA:7,0,1,0
BRDA:12,1,0,0
BRDA:12,1,1,1
BRDA:21,2,0,9
BRDA:21,2,1,9
BRDA:21,2,2,8
BRDA:29,3,0,8
BRDA:29,3,1,0
BRF:9
BRH:6
end_of_record
TN:
SF:models\order.js
FN:5,(anonymous_0)
FN:12,(anonymous_1)
FN:35,(anonymous_2)
FNF:3
FNH:3
FNDA:1,(anonymous_0)
FNDA:1,(anonymous_1)
FNDA:2,(anonymous_2)
DA:4,1
DA:5,1
DA:14,1
DA:15,1
DA:18,1
DA:35,1
DA:36,2
DA:37,2
DA:40,1
LF:9
LH:9
BRDA:36,0,0,2
BRDA:36,0,1,0
BRDA:36,1,0,2
BRDA:36,1,1,0
BRF:4
BRH:2
end_of_record
TN:
SF:models\order_item.js
FN:5,(anonymous_0)
FN:12,(anonymous_1)
FNF:2
FNH:2
FNDA:1,(anonymous_0)
FNDA:1,(anonymous_1)
DA:4,1
DA:5,1
DA:14,1
DA:17,1
DA:57,1
LF:5
LH:5
BRF:0
BRH:0
end_of_record
TN:
SF:models\product.js
FN:5,(anonymous_0)
FN:12,(anonymous_1)
FNF:2
FNH:2
FNDA:1,(anonymous_0)
FNDA:1,(anonymous_1)
DA:4,1
DA:5,1
DA:14,1
DA:17,1
DA:66,1
LF:5
LH:5
BRF:0
BRH:0
end_of_record
TN:
SF:models\product_option.js
FN:5,(anonymous_0)
FN:12,(anonymous_1)
FNF:2
FNH:2
FNDA:1,(anonymous_0)
FNDA:1,(anonymous_1)
DA:4,1
DA:5,1
DA:16,1
DA:74,1
LF:4
LH:4
BRF:0
BRH:0
end_of_record
TN:
SF:models\shopping_cart.js
FN:5,(anonymous_0)
FN:12,(anonymous_1)
FNF:2
FNH:2
FNDA:1,(anonymous_0)
FNDA:1,(anonymous_1)
DA:4,1
DA:5,1
DA:14,1
DA:17,1
DA:57,1
LF:5
LH:5
BRF:0
BRH:0
end_of_record
TN:
SF:models\user.js
FN:6,(anonymous_0)
FN:13,(anonymous_1)
FN:61,(anonymous_2)
FNF:3
FNH:3
FNDA:1,(anonymous_0)
FNDA:1,(anonymous_1)
FNDA:4,(anonymous_2)
DA:3,1
DA:5,1
DA:6,1
DA:15,1
DA:16,1
DA:17,1
DA:20,1
DA:61,1
DA:62,4
DA:63,4
DA:64,0
DA:67,1
LF:12
LH:11
BRDA:63,0,0,0
BRDA:63,0,1,4
BRF:2
BRH:1
end_of_record
TN:
SF:routes\address-route.js
FNF:0
FNH:0
DA:1,1
DA:2,1
DA:3,1
DA:8,1
DA:10,1
DA:11,1
DA:12,1
DA:13,1
DA:14,1
DA:16,1
LF:10
LH:10
BRF:0
BRH:0
end_of_record
TN:
SF:routes\cart-route.js
FNF:0
FNH:0
DA:1,1
DA:2,1
DA:3,1
DA:8,1
DA:10,1
DA:11,1
DA:12,1
DA:13,1
DA:14,1
DA:16,1
LF:10
LH:10
BRF:0
BRH:0
end_of_record
TN:
SF:routes\category-route.js
FNF:0
FNH:0
DA:1,1
DA:2,1
DA:3,1
DA:8,1
DA:10,1
DA:11,1
DA:12,1
DA:13,1
DA:14,1
DA:16,1
LF:10
LH:10
BRF:0
BRH:0
end_of_record
TN:
SF:routes\index.js
FNF:0
FNH:0
DA:1,1
DA:2,1
DA:4,1
DA:5,1
DA:6,1
DA:7,1
DA:8,1
DA:9,1
DA:10,1
DA:11,1
DA:13,1
DA:14,1
DA:15,1
DA:16,1
DA:17,1
DA:18,1
DA:19,1
DA:20,1
DA:22,1
LF:19
LH:19
BRF:0
BRH:0
end_of_record
TN:
SF:routes\order-item-route.js
FNF:0
FNH:0
DA:1,1
DA:2,1
DA:3,1
DA:7,1
DA:9,1
DA:10,1
DA:11,1
DA:12,1
DA:13,1
DA:15,1
LF:10
LH:10
BRF:0
BRH:0
end_of_record
TN:
SF:routes\order-route.js
FNF:0
FNH:0
DA:1,1
DA:2,1
DA:3,1
DA:9,1
DA:11,1
DA:12,1
DA:13,1
DA:14,1
DA:15,1
DA:17,1
LF:10
LH:10
BRF:0
BRH:0
end_of_record
TN:
SF:routes\product-option-route.js
FNF:0
FNH:0
DA:1,1
DA:2,1
DA:3,1
DA:8,1
DA:10,1
DA:11,1
DA:12,1
DA:13,1
DA:14,1
DA:16,1
LF:10
LH:10
BRF:0
BRH:0
end_of_record
TN:
SF:routes\product-route.js
FNF:0
FNH:0
DA:1,1
DA:2,1
DA:3,1
DA:8,1
DA:10,1
DA:11,1
DA:12,1
DA:13,1
DA:14,1
DA:16,1
LF:10
LH:10
BRF:0
BRH:0
end_of_record
TN:
SF:routes\user-route.js
FNF:0
FNH:0
DA:1,1
DA:2,1
DA:3,1
DA:5,1
DA:6,1
DA:8,1
LF:6
LH:6
BRF:0
BRH:0
end_of_record
